di 02 dec 2025 13:54:14 CET
;; 1. Based on: run02
;; 2. Description: CeftriaxPro Base Model - eGFR~CL
;; x1. TEAM2
;; 2025-12-01
$PROBLEM    CeftriaxPro Base Model Development
$INPUT      ID TIME DOSE=AMT RATE CONC=DV CONC_ID BW SEX ALB SCR eGFR
            AGE ETHNI PR DVID CMT MDV EVID
$DATA      dataset.csv IGNORE=@
$SUBROUTINE ADVAN13 ;; general nonlinear model
            TOL=9
$MODEL      NCOMP=2 ;; number of compartments
            COMP=(DOSE,DEFDOSE,DEFOBS) ;; first (central) compartment
            COMP=(PERIPH) ;; second (peripheral) compartment
$PK
IF (EVID.EQ.1) LASTDOSE = TIME
TAD = TIME - LASTDOSE

EGFRCL = THETA(1)

; exponents for covariates
TVCL = THETA(2)
  CL = TVCL * (eGFR/90)**EGFRCL * EXP(ETA(1))
TVV1 = THETA(3)
  V1 = TVV1 * EXP(ETA(2))
TVV2 = THETA(4)
  V2 = TVV2
 TVQ = THETA(5)
   Q = TVQ

 K10 = CL/V1
 K12 = Q/V1
 K21 = Q/V2
  S1 = V1 ;; scale prediction based on DOSE (mmol) and DV (mmol/L)
  S2 = V2

; Binding parameters
TVKD = THETA(6)
  KD = TVKD
 TVN = THETA(7)
   N = TVN


$THETA  0.1 ; ; EGFRCL
 (0,7) ; _; CL
 (0,40) ; __; V1
 (0,20) ; ___; V2
 (0,30) ; ____; Q
 (0,0.1) ; _____; KD
 (0,1) ; ______; N
; chech phase 1 trial, SAME order as PK
$OMEGA  0.05  ;    _______  ; not yet known, outcome picked for next models, put a relatively small number
 0.05  ;   ________  ; not yet known, outcome picked for next models
 ;; variance covariance matrix for interindividual variability
$SIGMA  0.1  ;  _________  ; EPS(1), proportional error, not yet known, outcome picked for next models
;; variance covariance matrix for residual error
$DES DADT(1) = -K10*A(1) -K12*A(1) +K21*A(2)  ;; ODE for central    compartment
     DADT(2) =            K12*A(1) -K21*A(2)  ;; ODE for peripheral compartment

$ERROR
IPRED_UNBOUND = F
IF (CONC_ID.EQ.2) IPRED = IPRED_UNBOUND ;; unbound
IF (CONC_ID.EQ.1) IPRED = IPRED_UNBOUND * (1 + (N * ALB)/(KD + IPRED_UNBOUND))

Y = IPRED + IPRED*ERR(1)
W = SQRT(IPRED**2*SIGMA(1,1))
IRES  = CONC - IPRED
IWRES = IRES / W

$ESTIMATION METHOD=1 INTERACTION ;; FOCE-I
            MAXEVAL=9999 SIG=3 PRINT=5
$COVARIANCE UNCONDITIONAL MATRIX=S
$TABLE      ID TIME TAD DV CONC_ID EVID PRED CWRES MDV IPRED WRES RES
            CL ETA(1) V1 ETA(2) V2 Q K10 K12 K21 KD N SEX ETHNI BW ALB
            SCR eGFR AGE PR NOPRINT ONEHEADER FILE=run02


NM-TRAN MESSAGES
  
 WARNINGS AND ERRORS (IF ANY) FOR PROBLEM    1
             
 (WARNING  2) NM-TRAN INFERS THAT THE DATA ARE POPULATION.
             
 (WARNING  3) THERE MAY BE AN ERROR IN THE ABBREVIATED CODE. THE FOLLOWING
 ONE OR MORE RANDOM VARIABLES ARE DEFINED WITH "IF" STATEMENTS THAT DO NOT
 PROVIDE DEFINITIONS FOR BOTH THE "THEN" AND "ELSE" CASES. IF ALL
 CONDITIONS FAIL, THE VALUES OF THESE VARIABLES WILL BE ZERO.
  
   IPRED

             
 (WARNING  79) SIGMA IS USED ON THE RIGHT. WITH A SUBSEQUENT RUN, IF AN
 INITIAL ESTIMATE OF A DIAGONAL BLOCK OF SIGMA IS TO BE COMPUTED BY
 NONMEM, THAT BLOCK WILL BE SET TO AN IDENTITY MATRIX DURING THAT
 COMPUTATION. THIS COULD LEAD TO AN ARITHMETIC EXCEPTION.*

 * THE MAXIMUM NUMBER OF WARNINGS OF ONE OR MORE TYPES WAS REACHED.
 IT IS POSSIBLE THAT SOME WARNING MESSAGES WERE SUPPRESSED.
  
Note: Analytical 2nd Derivatives are constructed in FSUBS but are never used.
      You may insert $ABBR DERIV2=NO after the first $PROB to save FSUBS construction and compilation time
  

License Registered to: Erwin DREESEN KU Leuven
Expiration Date:    25 JAN 2026
Current Date:        2 DEC 2025
Days until program expires :  58
1NONLINEAR MIXED EFFECTS MODEL PROGRAM (NONMEM) VERSION 7.6.0 (nm760)
 ORIGINALLY DEVELOPED BY STUART BEAL, LEWIS SHEINER, AND ALISON BOECKMANN
 CURRENT DEVELOPERS ARE ROBERT BAUER, ICON DEVELOPMENT SOLUTIONS,
 AND ALISON BOECKMANN. IMPLEMENTATION, EFFICIENCY, AND STANDARDIZATION
 PERFORMED BY NOUS INFOSYSTEMS.

 PROBLEM NO.:         1
 CeftriaxPro Base Model Development
0DATA CHECKOUT RUN:              NO
 DATA SET LOCATED ON UNIT NO.:    2
 THIS UNIT TO BE REWOUND:        NO
 CREATE/ADD TO FDATA.csv:        YES
 NO. OF DATA RECS IN DATA SET:     1519
 NO. OF DATA ITEMS IN DATA SET:  18
 ID DATA ITEM IS DATA ITEM NO.:   1
 DEP VARIABLE IS DATA ITEM NO.:   5
 MDV DATA ITEM IS DATA ITEM NO.: 17
0INDICES PASSED TO SUBROUTINE PRED:
  18   2   3   4   0   0  16   0   0   0   0
0LABELS FOR DATA ITEMS:
 ID TIME DOSE RATE CONC CONC_ID BW SEX ALB SCR eGFR AGE ETHNI PR DVID CMT MDV EVID
0(NONBLANK) LABELS FOR PRED-DEFINED ITEMS:
 TAD CL V1 V2 Q K10 K12 K21 KD N IPRED
0FORMAT FOR DATA:
 (E2.0,E7.0,E8.0,E16.0,E20.0,E1.0,E16.0,E1.0/2E17.0,E16.0,7E2.0)

 TOT. NO. OF OBS RECS:      992
 TOT. NO. OF INDIVIDUALS:       33
0LENGTH OF THETA:   7
0DEFAULT THETA BOUNDARY TEST OMITTED:    NO
0OMEGA HAS SIMPLE DIAGONAL FORM WITH DIMENSION:   2
0DEFAULT OMEGA BOUNDARY TEST OMITTED:    NO
0SIGMA HAS SIMPLE DIAGONAL FORM WITH DIMENSION:   1
0DEFAULT SIGMA BOUNDARY TEST OMITTED:    NO
0INITIAL ESTIMATE OF THETA:
 LOWER BOUND    INITIAL EST    UPPER BOUND
 -0.1000E+07     0.1000E+00     0.1000E+07
  0.0000E+00     0.7000E+01     0.1000E+07
  0.0000E+00     0.4000E+02     0.1000E+07
  0.0000E+00     0.2000E+02     0.1000E+07
  0.0000E+00     0.3000E+02     0.1000E+07
  0.0000E+00     0.1000E+00     0.1000E+07
  0.0000E+00     0.1000E+01     0.1000E+07
0INITIAL ESTIMATE OF OMEGA:
 0.5000E-01
 0.0000E+00   0.5000E-01
0INITIAL ESTIMATE OF SIGMA:
 0.1000E+00
0COVARIANCE STEP OMITTED:        NO
 R MATRIX SUBSTITUTED:           NO
 S MATRIX SUBSTITUTED:          YES
 EIGENVLS. PRINTED:              NO
 SPECIAL COMPUTATION:            NO
 COMPRESSED FORMAT:              NO
 GRADIENT METHOD USED:     NOSLOW
 SIGDIGITS ETAHAT (SIGLO):                  -1
 SIGDIGITS GRADIENTS (SIGL):                -1
 EXCLUDE COV FOR FOCE (NOFCOV):              NO
 Cholesky Transposition of R Matrix (CHOLROFF):0
 KNUTHSUMOFF:                                -1
 RESUME COV ANALYSIS (RESUME):               NO
 SIR SAMPLE SIZE (SIRSAMPLE):
 NON-LINEARLY TRANSFORM THETAS DURING COV (THBND): 1
 PRECONDTIONING CYCLES (PRECOND):        0
 PRECONDTIONING TYPES (PRECONDS):        TOS
 FORCED PRECONDTIONING CYCLES (PFCOND):0
 PRECONDTIONING TYPE (PRETYPE):        0
 FORCED POS. DEFINITE SETTING DURING PRECONDITIONING: (FPOSDEF):0
 SIMPLE POS. DEFINITE SETTING: (POSDEF):-1
0TABLES STEP OMITTED:    NO
 NO. OF TABLES:           1
 SEED NUMBER (SEED):    11456
 NPDTYPE:    0
 INTERPTYPE:    0
 RANMETHOD:             3U
 MC SAMPLES (ESAMPLE):    300
 WRES SQUARE ROOT TYPE (WRESCHOL): EIGENVALUE
0-- TABLE   1 --
0RECORDS ONLY:    ALL
04 COLUMNS APPENDED:    YES
 PRINTED:                NO
 HEADERS:               ONE
 FILE TO BE FORWARDED:   NO
 FORMAT:                S1PE11.4
 IDFORMAT:
 LFORMAT:
 RFORMAT:
 FIXED_EFFECT_ETAS:
0USER-CHOSEN ITEMS:
 ID TIME TAD CONC CONC_ID EVID CWRES MDV IPRED CL ETA1 V1 ETA2 V2 Q K10 K12 K21 KD N SEX ETHNI BW ALB SCR eGFR AGE PR
1DOUBLE PRECISION PREDPP VERSION 7.6.0 (nm760)

 GENERAL NONLINEAR KINETICS MODEL WITH STIFF/NONSTIFF EQUATIONS (LSODA, ADVAN13)
0MODEL SUBROUTINE USER-SUPPLIED - ID NO. 9999
0MAXIMUM NO. OF BASIC PK PARAMETERS:   3
0COMPARTMENT ATTRIBUTES
 COMPT. NO.   FUNCTION   INITIAL    ON/OFF      DOSE      DEFAULT    DEFAULT
                         STATUS     ALLOWED    ALLOWED    FOR DOSE   FOR OBS.
    1         DOSE         ON         YES        YES        YES        YES
    2         PERIPH       ON         YES        YES        NO         NO
    3         OUTPUT       OFF        YES        NO         NO         NO
 INITIAL (BASE) TOLERANCE SETTINGS:
 NRD (RELATIVE) VALUE(S) OF TOLERANCE:   9
 ANRD (ABSOLUTE) VALUE(S) OF TOLERANCE:  12
1
 ADDITIONAL PK PARAMETERS - ASSIGNMENT OF ROWS IN GG
 COMPT. NO.                             INDICES
              SCALE      BIOAVAIL.   ZERO-ORDER  ZERO-ORDER  ABSORB
                         FRACTION    RATE        DURATION    LAG
    1            4           *           *           *           *
    2            5           *           *           *           *
    3            *           -           -           -           -
             - PARAMETER IS NOT ALLOWED FOR THIS MODEL
             * PARAMETER IS NOT SUPPLIED BY PK SUBROUTINE;
               WILL DEFAULT TO ONE IF APPLICABLE
0DATA ITEM INDICES USED BY PRED ARE:
   EVENT ID DATA ITEM IS DATA ITEM NO.:     18
   TIME DATA ITEM IS DATA ITEM NO.:          2
   DOSE AMOUNT DATA ITEM IS DATA ITEM NO.:   3
   DOSE RATE DATA ITEM IS DATA ITEM NO.:     4
   COMPT. NO. DATA ITEM IS DATA ITEM NO.:   16

0PK SUBROUTINE CALLED WITH EVERY EVENT RECORD.
 PK SUBROUTINE NOT CALLED AT NONEVENT (ADDITIONAL OR LAGGED) DOSE TIMES.
0ERROR SUBROUTINE CALLED WITH EVERY EVENT RECORD.
0DES SUBROUTINE USES COMPACT STORAGE MODE.
1


 #TBLN:      1
 #METH: First Order Conditional Estimation with Interaction

 ESTIMATION STEP OMITTED:                 NO
 SHRINK INFO WITH EVALUATION (EVALSHRINK) NO
 ANALYSIS TYPE:                           POPULATION
 NUMBER OF SADDLE POINT RESET ITERATIONS:      0
 GRADIENT METHOD USED:               NOSLOW
 CONDITIONAL ESTIMATES USED:              YES
 CENTERED ETA:                            NO
 EPS-ETA INTERACTION:                     YES
 LAPLACIAN OBJ. FUNC.:                    NO
 NO. OF FUNCT. EVALS. ALLOWED:            9999
 NO. OF SIG. FIGURES REQUIRED:            3
 INTERMEDIATE PRINTOUT:                   YES
 ESTIMATE OUTPUT TO MSF:                  NO
 IND. OBJ. FUNC. VALUES SORTED:           NO
 NUMERICAL DERIVATIVE
       FILE REQUEST (NUMDER):               NONE
 MAP (ETAHAT) ESTIMATION METHOD (OPTMAP):   0
 ETA HESSIAN EVALUATION METHOD (ETADER):    0
 INITIAL ETA FOR MAP ESTIMATION (MCETA):    0
 SIGDIGITS FOR MAP ESTIMATION (SIGLO):      100
 GRADIENT SIGDIGITS OF
       FIXED EFFECTS PARAMETERS (SIGL):     100
 NOPRIOR SETTING (NOPRIOR):                 0
 NOCOV SETTING (NOCOV):                     OFF
 DERCONT SETTING (DERCONT):                 OFF
 FINAL ETA RE-EVALUATION (FNLETA):          1
 EXCLUDE NON-INFLUENTIAL (NON-INFL.) ETAS
       IN SHRINKAGE (ETASTYPE):             NO
 NON-INFL. ETA CORRECTION (NONINFETA):      0
 RAW OUTPUT FILE (FILE): psn.ext
 EXCLUDE TITLE (NOTITLE):                   NO
 EXCLUDE COLUMN LABELS (NOLABEL):           NO
 FORMAT FOR ADDITIONAL FILES (FORMAT):      S1PE12.5
 PARAMETER ORDER FOR OUTPUTS (ORDER):       TSOL
 KNUTHSUMOFF:                               0
 INCLUDE LNTWOPI:                           NO
 INCLUDE CONSTANT TERM TO PRIOR (PRIORC):   NO
 INCLUDE CONSTANT TERM TO OMEGA (ETA) (OLNTWOPI):NO
 ADDITIONAL CONVERGENCE TEST (CTYPE=4)?:    NO
 EM OR BAYESIAN METHOD USED:                 NONE

 TOLERANCES FOR ESTIMATION/EVALUATION STEP:
 NRD (RELATIVE) VALUE(S) OF TOLERANCE:   9
 ANRD (ABSOLUTE) VALUE(S) OF TOLERANCE:  12
 TOLERANCES FOR COVARIANCE STEP:
 NRD (RELATIVE) VALUE(S) OF TOLERANCE:   9
 ANRD (ABSOLUTE) VALUE(S) OF TOLERANCE:  12
 TOLERANCES FOR TABLE/SCATTER STEP:
 NRD (RELATIVE) VALUE(S) OF TOLERANCE:   9
 ANRD (ABSOLUTE) VALUE(S) OF TOLERANCE:  12

 THE FOLLOWING LABELS ARE EQUIVALENT
 PRED=PREDI
 RES=RESI
 WRES=WRESI
 IWRS=IWRESI
 IPRD=IPREDI
 IRS=IRESI

 MONITORING OF SEARCH:


0ITERATION NO.:    0    OBJECTIVE VALUE:  -6495.01916522462        NO. OF FUNC. EVALS.:  10
 CUMULATIVE NO. OF FUNC. EVALS.:       10
 NPARAMETR:  1.0000E-01  7.0000E+00  4.0000E+01  2.0000E+01  3.0000E+01  1.0000E-01  1.0000E+00  5.0000E-02  5.0000E-02  1.0000E-01

 PARAMETER:  1.0000E-01  1.0000E-01  1.0000E-01  1.0000E-01  1.0000E-01  1.0000E-01  1.0000E-01  1.0000E-01  1.0000E-01  1.0000E-01

 GRADIENT:  -2.4060E+02  2.9099E+02 -3.5087E+02 -2.0209E+02  2.3827E+01  1.1394E+03 -1.4192E+03 -1.6850E+02 -1.6636E+02 -8.1811E+01


0ITERATION NO.:    5    OBJECTIVE VALUE:  -7315.15063114521        NO. OF FUNC. EVALS.:  55
 CUMULATIVE NO. OF FUNC. EVALS.:       65
 NPARAMETR:  1.6500E+00  9.3235E+00  9.1774E+01  6.3603E+01  2.0279E+01  4.7594E-02  9.0041E-01  1.3452E-01  4.7029E-01  6.4710E-02

 PARAMETER:  1.6500E+00  3.8663E-01  9.3045E-01  1.2569E+00 -2.9159E-01 -6.4246E-01 -4.9050E-03  5.9485E-01  1.2207E+00 -1.1762E-01

 GRADIENT:   1.8393E+00  4.6044E+01  6.8977E+01  2.9590E+02 -2.2762E+01  1.7883E+02 -2.0966E+02  1.1281E+01 -5.1884E+00  3.2903E+02


0ITERATION NO.:   10    OBJECTIVE VALUE:  -7388.96789834156        NO. OF FUNC. EVALS.:  60
 CUMULATIVE NO. OF FUNC. EVALS.:      125
 NPARAMETR:  1.8846E+00  9.3985E+00  7.7507E+01  5.0343E+01  2.0175E+01  4.0902E-02  8.2327E-01  2.9034E-01  2.9792E-01  5.2265E-02

 PARAMETER:  1.8846E+00  3.9464E-01  7.6149E-01  1.0231E+00 -2.9677E-01 -7.9400E-01 -9.4471E-02  9.7951E-01  9.9241E-01 -2.2442E-01

 GRADIENT:   3.9291E+01  2.8354E+01  7.2041E+01  1.1837E+02 -4.9498E+00  1.1376E+02 -1.8661E+02  3.9468E+01 -1.7802E+01  1.3730E+02


0ITERATION NO.:   15    OBJECTIVE VALUE:  -7434.41115952054        NO. OF FUNC. EVALS.:  55
 CUMULATIVE NO. OF FUNC. EVALS.:      180
 NPARAMETR:  1.6098E+00  8.3446E+00  5.5821E+01  4.4041E+01  2.0567E+01  4.1823E-02  8.4494E-01  9.7674E-02  2.6576E-01  4.6239E-02

 PARAMETER:  1.6098E+00  2.7571E-01  4.3328E-01  8.8939E-01 -2.7753E-01 -7.7173E-01 -6.8489E-02  4.3480E-01  9.3529E-01 -2.8568E-01

 GRADIENT:   5.8003E+00  9.1208E+00 -3.3553E+00  1.0542E+00 -1.0364E+00  1.3035E+01 -7.5601E+00 -8.8972E-01 -3.3484E+00 -4.1468E+00


0ITERATION NO.:   20    OBJECTIVE VALUE:  -7434.48710545397        NO. OF FUNC. EVALS.:  56
 CUMULATIVE NO. OF FUNC. EVALS.:      236
 NPARAMETR:  1.5783E+00  8.2250E+00  5.5954E+01  4.3907E+01  2.0596E+01  4.1108E-02  8.3678E-01  9.9068E-02  2.7996E-01  4.6341E-02

 PARAMETER:  1.5783E+00  2.6126E-01  4.3564E-01  8.8635E-01 -2.7612E-01 -7.8896E-01 -7.8191E-02  4.4189E-01  9.6131E-01 -2.8457E-01

 GRADIENT:  -1.7323E-01 -3.2440E-01  1.2969E+00  4.5557E-01  3.5984E-01  7.0288E-01 -7.1062E-01 -9.6884E-02 -7.7290E-02 -3.8478E-01


0ITERATION NO.:   25    OBJECTIVE VALUE:  -7434.54213953838        NO. OF FUNC. EVALS.: 117
 CUMULATIVE NO. OF FUNC. EVALS.:      353            RESET HESSIAN, TYPE II
 NPARAMETR:  1.5892E+00  8.3146E+00  5.6089E+01  4.3981E+01  2.0587E+01  4.1363E-02  8.4014E-01  9.9116E-02  2.7993E-01  4.6373E-02

 PARAMETER:  1.5892E+00  2.7211E-01  4.3806E-01  8.8804E-01 -2.7655E-01 -7.8277E-01 -7.4182E-02  4.4213E-01  9.6126E-01 -2.8423E-01

 GRADIENT:   1.5964E+00  6.5106E+00  1.6657E+00  1.0497E+00  7.0435E-02  3.2941E+00  6.7466E-02  1.0247E-02 -3.5766E-02  4.7641E-01


0ITERATION NO.:   27    OBJECTIVE VALUE:  -7434.54213953838        NO. OF FUNC. EVALS.:  39
 CUMULATIVE NO. OF FUNC. EVALS.:      392
 NPARAMETR:  1.5892E+00  8.3146E+00  5.6089E+01  4.3981E+01  2.0587E+01  4.1363E-02  8.4014E-01  9.9116E-02  2.7993E-01  4.6373E-02

 PARAMETER:  1.5892E+00  2.7211E-01  4.3806E-01  8.8804E-01 -2.7655E-01 -7.8277E-01 -7.4182E-02  4.4213E-01  9.6126E-01 -2.8423E-01

 GRADIENT:  -4.8180E-03  3.6032E-02  2.1002E-02  2.5237E-02  6.2225E-03  4.8731E-01 -7.5129E-01  1.0247E-02 -3.5766E-02 -8.7519E-02


 #TERM:
0MINIMIZATION SUCCESSFUL
 NO. OF FUNCTION EVALUATIONS USED:      392
 NO. OF SIG. DIGITS IN FINAL EST.:  3.1

 ETABAR IS THE ARITHMETIC MEAN OF THE ETA-ESTIMATES,
 AND THE P-VALUE IS GIVEN FOR THE NULL HYPOTHESIS THAT THE TRUE MEAN IS 0.

 ETABAR:         1.4328E-03 -3.5928E-05
 SE:             5.4215E-02  8.9628E-02
 N:                      33          33

 P VAL.:         9.7892E-01  9.9968E-01

 ETASHRINKSD(%)  1.0737E+00  2.6856E+00
 ETASHRINKVR(%)  2.1359E+00  5.2991E+00
 EBVSHRINKSD(%)  1.0094E+00  2.3151E+00
 EBVSHRINKVR(%)  2.0086E+00  4.5766E+00
 RELATIVEINF(%)  9.7986E+01  9.5418E+01
 EPSSHRINKSD(%)  2.8774E+00
 EPSSHRINKVR(%)  5.6720E+00

  
 TOTAL DATA POINTS NORMALLY DISTRIBUTED (N):          992
 N*LOG(2PI) CONSTANT TO OBJECTIVE FUNCTION:    1823.1740498780705     
 OBJECTIVE FUNCTION VALUE WITHOUT CONSTANT:   -7434.5421395383773     
 OBJECTIVE FUNCTION VALUE WITH CONSTANT:      -5611.3680896603073     
 REPORTED OBJECTIVE FUNCTION DOES NOT CONTAIN CONSTANT
  
 TOTAL EFFECTIVE ETAS (NIND*NETA):                            66
  
 #TERE:
 Elapsed estimation  time in seconds:   112.84
 Elapsed covariance  time in seconds:    11.89
 Elapsed postprocess time in seconds:     0.82
1
 
 
 
 
 
 
 
 
 
 
 
 
 
 
 
 
 
 
 
 
 ************************************************************************************************************************
 ********************                                                                                ********************
 ********************               FIRST ORDER CONDITIONAL ESTIMATION WITH INTERACTION              ********************
 #OBJT:**************                       MINIMUM VALUE OF OBJECTIVE FUNCTION                      ********************
 ********************                                                                                ********************
 ************************************************************************************************************************
 





 #OBJV:********************************************         -7434.542       *********************************************
1
 ************************************************************************************************************************
 ********************                                                                                ********************
 ********************               FIRST ORDER CONDITIONAL ESTIMATION WITH INTERACTION              ********************
 ********************                             FINAL PARAMETER ESTIMATE                           ********************
 ********************                                                                                ********************
 ************************************************************************************************************************
 


 THETA - VECTOR OF FIXED EFFECTS PARAMETERS   *********


         TH 1      TH 2      TH 3      TH 4      TH 5      TH 6      TH 7     
 
         1.59E+00  8.31E+00  5.61E+01  4.40E+01  2.06E+01  4.14E-02  8.40E-01
 


 OMEGA - COV MATRIX FOR RANDOM EFFECTS - ETAS  ********


         ETA1      ETA2     
 
 ETA1
+        9.91E-02
 
 ETA2
+        0.00E+00  2.80E-01
 


 SIGMA - COV MATRIX FOR RANDOM EFFECTS - EPSILONS  ****


         EPS1     
 
 EPS1
+        4.64E-02
 
1


 OMEGA - CORR MATRIX FOR RANDOM EFFECTS - ETAS  *******


         ETA1      ETA2     
 
 ETA1
+        3.15E-01
 
 ETA2
+        0.00E+00  5.29E-01
 


 SIGMA - CORR MATRIX FOR RANDOM EFFECTS - EPSILONS  ***


         EPS1     
 
 EPS1
+        2.15E-01
 
1
 ************************************************************************************************************************
 ********************                                                                                ********************
 ********************               FIRST ORDER CONDITIONAL ESTIMATION WITH INTERACTION              ********************
 ********************                            STANDARD ERROR OF ESTIMATE                          ********************
 ********************                                                                                ********************
 ************************************************************************************************************************
 


 THETA - VECTOR OF FIXED EFFECTS PARAMETERS   *********


         TH 1      TH 2      TH 3      TH 4      TH 5      TH 6      TH 7     
 
         1.24E-01  5.81E-01  8.53E+00  1.92E+00  2.69E+00  2.60E-03  3.80E-02
 


 OMEGA - COV MATRIX FOR RANDOM EFFECTS - ETAS  ********


         ETA1      ETA2     
 
 ETA1
+        3.97E-02
 
 ETA2
+       .........  1.22E-01
 


 SIGMA - COV MATRIX FOR RANDOM EFFECTS - EPSILONS  ****


         EPS1     
 
 EPS1
+        1.48E-03
 
1


 OMEGA - CORR MATRIX FOR RANDOM EFFECTS - ETAS  *******


         ETA1      ETA2     
 
 ETA1
+        6.31E-02
 
 ETA2
+       .........  1.15E-01
 


 SIGMA - CORR MATRIX FOR RANDOM EFFECTS - EPSILONS  ***


         EPS1     
 
 EPS1
+        3.44E-03
 
1
 ************************************************************************************************************************
 ********************                                                                                ********************
 ********************               FIRST ORDER CONDITIONAL ESTIMATION WITH INTERACTION              ********************
 ********************                          COVARIANCE MATRIX OF ESTIMATE                         ********************
 ********************                                                                                ********************
 ************************************************************************************************************************
 

            TH 1      TH 2      TH 3      TH 4      TH 5      TH 6      TH 7      OM11      OM12      OM22      SG11  
 
 TH 1
+        1.54E-02
 
 TH 2
+        6.93E-03  3.38E-01
 
 TH 3
+        4.40E-01 -1.97E+00  7.28E+01
 
 TH 4
+        4.36E-02  5.19E-02  1.96E+00  3.70E+00
 
 TH 5
+       -1.53E-01  3.08E-01 -8.72E+00 -1.04E+00  7.23E+00
 
 TH 6
+        4.90E-05 -1.49E-04  2.68E-03 -3.01E-04 -1.31E-03  6.76E-06
 
 TH 7
+        7.39E-04 -1.89E-03  1.16E-02 -3.78E-03 -2.07E-02  9.72E-05  1.45E-03
 
 OM11
+       -5.49E-04  4.56E-03 -8.00E-02 -2.48E-03  1.85E-02 -1.05E-05 -1.63E-04  1.58E-03
 
 OM12
+       ......... ......... ......... ......... ......... ......... ......... ......... .........
 
 OM22
+       -8.96E-06  6.15E-03  1.14E-01  2.38E-02  7.77E-03  4.83E-05  7.12E-04 -2.54E-03 .........  1.48E-02
 
 SG11
+       -3.11E-05  3.13E-05  2.17E-04 -3.22E-04  6.32E-04  7.95E-07  7.99E-06  1.68E-05 ......... -3.32E-05  2.20E-06
 
1
 ************************************************************************************************************************
 ********************                                                                                ********************
 ********************               FIRST ORDER CONDITIONAL ESTIMATION WITH INTERACTION              ********************
 ********************                          CORRELATION MATRIX OF ESTIMATE                        ********************
 ********************                                                                                ********************
 ************************************************************************************************************************
 

            TH 1      TH 2      TH 3      TH 4      TH 5      TH 6      TH 7      OM11      OM12      OM22      SG11  
 
 TH 1
+        1.24E-01
 
 TH 2
+        9.61E-02  5.81E-01
 
 TH 3
+        4.16E-01 -3.97E-01  8.53E+00
 
 TH 4
+        1.83E-01  4.64E-02  1.20E-01  1.92E+00
 
 TH 5
+       -4.58E-01  1.97E-01 -3.80E-01 -2.01E-01  2.69E+00
 
 TH 6
+        1.52E-01 -9.85E-02  1.21E-01 -6.03E-02 -1.87E-01  2.60E-03
 
 TH 7
+        1.57E-01 -8.57E-02  3.58E-02 -5.17E-02 -2.03E-01  9.83E-01  3.80E-02
 
 OM11
+       -1.11E-01  1.98E-01 -2.36E-01 -3.25E-02  1.73E-01 -1.02E-01 -1.08E-01  3.97E-02
 
 OM12
+       ......... ......... ......... ......... ......... ......... ......... ......... .........
 
 OM22
+       -5.94E-04  8.70E-02  1.10E-01  1.02E-01  2.38E-02  1.53E-01  1.54E-01 -5.27E-01 .........  1.22E-01
 
 SG11
+       -1.69E-01  3.64E-02  1.72E-02 -1.13E-01  1.59E-01  2.06E-01  1.42E-01  2.85E-01 ......... -1.85E-01  1.48E-03
 
1
 ************************************************************************************************************************
 ********************                                                                                ********************
 ********************               FIRST ORDER CONDITIONAL ESTIMATION WITH INTERACTION              ********************
 ********************                      INVERSE COVARIANCE MATRIX OF ESTIMATE                     ********************
 ********************                                                                                ********************
 ************************************************************************************************************************
 

            TH 1      TH 2      TH 3      TH 4      TH 5      TH 6      TH 7      OM11      OM12      OM22      SG11  
 
 TH 1
+        1.16E+02
 
 TH 2
+       -9.73E+00  4.72E+00
 
 TH 3
+       -9.54E-01  2.00E-01  3.58E-02
 
 TH 4
+       -3.79E-01 -6.02E-02 -5.54E-03  2.97E-01
 
 TH 5
+        1.26E+00 -7.86E-02  1.97E-02  3.72E-02  2.14E-01
 
 TH 6
+        5.43E+03 -1.08E+03 -2.91E+02  7.67E+01 -2.14E+02  7.75E+06
 
 TH 7
+       -4.27E+02  8.31E+01  2.05E+01 -3.57E+00  1.70E+01 -5.22E+05  3.60E+04
 
 OM11
+        1.54E+01 -1.39E+01  3.17E-01 -1.36E+00 -1.31E+00 -9.22E+02  6.82E+01  1.04E+03
 
 OM12
+       ......... ......... ......... ......... ......... ......... ......... ......... .........
 
 OM22
+        1.97E+01 -6.51E+00 -3.53E-01 -7.11E-01 -6.87E-01  8.26E+02 -1.23E+02  1.74E+02 .........  1.10E+02
 
 SG11
+        1.23E+03 -1.14E+02 -3.36E+00  1.37E+01 -2.36E+01 -6.92E+05  4.10E+04 -4.66E+03 .........  9.80E+02  6.36E+05
 
 Elapsed finaloutput time in seconds:     0.07
 #CPUT: Total CPU Time in Seconds,      125.420
Stop Time:
di 02 dec 2025 13:56:25 CET
