ma 01 dec 2025 11:17:56 CET
;; 1. Based on: run02
;; 2. Description: CeftriaxPro Base Model - Covariates
;; x1. TEAM2
;; 2025-12-01
$PROBLEM    CeftriaxPro Base Model Development
$INPUT      ID TIME DOSE=AMT RATE CONC=DV CONC_ID BW SEX ALB SCR eGFR
            AGE ETHNI PR DVID CMT MDV EVID
$DATA      dataset.csv IGNORE=@
$SUBROUTINE ADVAN13 ;; general nonlinear model
            TOL=9
$MODEL      NCOMP=2 ;; number of compartments
            COMP=(DOSE,DEFDOSE,DEFOBS) ;; first (central) compartment
            COMP=(PERIPH) ;; second (peripheral) compartment
$PK
; exponents for covariates
BWCL = THETA(1)

TVCL = THETA(2)
  CL = TVCL * (BW/70)**BWCL * EXP(ETA(1))
TVV1 = THETA(3)
  V1 = TVV1 * EXP(ETA(2))
;;V1 = TVV1 * (BW/70) * EXP(ETA(2))
TVV2 = THETA(4)
  V2 = TVV2
 TVQ = THETA(5)
   Q = TVQ

 K10 = CL/V1
 K12 = Q/V1
 K21 = Q/V2
  S1 = V1 ;; scale prediction based on DOSE (mmol) and DV (mmol/L)
  S2 = V2

; Binding parameters
TVKD = THETA(6)
  KD = TVKD
 TVN = THETA(7)
   N = TVN

$THETA  (0,1) ; ; BWCL
 (0,7) ; _; CL
 (0,40) ; __; V1
 (0,20) ; ___; V2
 (0,30) ; ____; Q
 (0,0.1) ; _____; KD
 (0,1) ; ______; N
; chech phase 1 trial, SAME order as PK
$OMEGA  0.05  ;    _______  ; not yet known, outcome picked for next models, put a relatively small number
 0.05  ;   ________  ; not yet known, outcome picked for next models
 ;; variance covariance matrix for interindividual variability
$SIGMA  0.1  ;  _________  ; EPS(1), proportional error, not yet known, outcome picked for next models
;; variance covariance matrix for residual error
$DES DADT(1) = -K10*A(1) -K12*A(1) +K21*A(2)  ;; ODE for central    compartment
     DADT(2) =            K12*A(1) -K21*A(2)  ;; ODE for peripheral compartment

$ERROR
IPRED_UNBOUND = F
IF (CONC_ID.EQ.2) THEN
   IPRED = IPRED_UNBOUND
ELSE
   IPRED = IPRED_UNBOUND * (1 + (N * ALB)/(KD + IPRED_UNBOUND))
ENDIF


Y = IPRED + IPRED*ERR(1)
W = SQRT(IPRED**2*SIGMA(1,1))
IRES  = CONC - IPRED
IWRES = IRES / W

$ESTIMATION METHOD=1 INTERACTION ;; FOCE-I
            MAXEVAL=9999 SIG=3 PRINT=5
$COVARIANCE PRINT=E UNCONDITIONAL ;; new 
 ;; output table for standard outcomes
$TABLE      ID TIME DV EVID PRED CWRES MDV IPRED WRES RES CWRES
            NOPRINT ONEHEADER FILE=run04_sdtab
 ;; output table for PK parameters
$TABLE      ID CL V1 V2 Q K10 K12 K21 KD N NOPRINT NOAPPEND ONEHEADER
            FILE=run04_patab
 ;; output table for categorical covariates
$TABLE      ID SEX ETHNI NOPRINT NOAPPEND ONEHEADER FILE=run04_catab
 ;; output table for continuous covariates
$TABLE      ID BW ALB SCR eGFR AGE NOPRINT NOAPPEND ONEHEADER
            FILE=run04_cotab


NM-TRAN MESSAGES
  
 WARNINGS AND ERRORS (IF ANY) FOR PROBLEM    1
             
 (WARNING  2) NM-TRAN INFERS THAT THE DATA ARE POPULATION.
             
 (WARNING  79) SIGMA IS USED ON THE RIGHT. WITH A SUBSEQUENT RUN, IF AN
 INITIAL ESTIMATE OF A DIAGONAL BLOCK OF SIGMA IS TO BE COMPUTED BY
 NONMEM, THAT BLOCK WILL BE SET TO AN IDENTITY MATRIX DURING THAT
 COMPUTATION. THIS COULD LEAD TO AN ARITHMETIC EXCEPTION.*

 * THE MAXIMUM NUMBER OF WARNINGS OF ONE OR MORE TYPES WAS REACHED.
 IT IS POSSIBLE THAT SOME WARNING MESSAGES WERE SUPPRESSED.
  
Note: Analytical 2nd Derivatives are constructed in FSUBS but are never used.
      You may insert $ABBR DERIV2=NO after the first $PROB to save FSUBS construction and compilation time
  

License Registered to: Erwin DREESEN KU Leuven
Expiration Date:    25 JAN 2026
Current Date:        1 DEC 2025
Days until program expires :  59
1NONLINEAR MIXED EFFECTS MODEL PROGRAM (NONMEM) VERSION 7.6.0 (nm760)
 ORIGINALLY DEVELOPED BY STUART BEAL, LEWIS SHEINER, AND ALISON BOECKMANN
 CURRENT DEVELOPERS ARE ROBERT BAUER, ICON DEVELOPMENT SOLUTIONS,
 AND ALISON BOECKMANN. IMPLEMENTATION, EFFICIENCY, AND STANDARDIZATION
 PERFORMED BY NOUS INFOSYSTEMS.

 PROBLEM NO.:         1
 CeftriaxPro Base Model Development
0DATA CHECKOUT RUN:              NO
 DATA SET LOCATED ON UNIT NO.:    2
 THIS UNIT TO BE REWOUND:        NO
 CREATE/ADD TO FDATA.csv:        YES
 NO. OF DATA RECS IN DATA SET:     1519
 NO. OF DATA ITEMS IN DATA SET:  18
 ID DATA ITEM IS DATA ITEM NO.:   1
 DEP VARIABLE IS DATA ITEM NO.:   5
 MDV DATA ITEM IS DATA ITEM NO.: 17
0INDICES PASSED TO SUBROUTINE PRED:
  18   2   3   4   0   0  16   0   0   0   0
0LABELS FOR DATA ITEMS:
 ID TIME DOSE RATE CONC CONC_ID BW SEX ALB SCR eGFR AGE ETHNI PR DVID CMT MDV EVID
0(NONBLANK) LABELS FOR PRED-DEFINED ITEMS:
 CL V1 V2 Q K10 K12 K21 KD N IPRED
0FORMAT FOR DATA:
 (E2.0,E7.0,E8.0,E16.0,E20.0,E1.0,E16.0,E1.0/2E17.0,E16.0,7E2.0)

 TOT. NO. OF OBS RECS:      992
 TOT. NO. OF INDIVIDUALS:       33
0LENGTH OF THETA:   7
0DEFAULT THETA BOUNDARY TEST OMITTED:    NO
0OMEGA HAS SIMPLE DIAGONAL FORM WITH DIMENSION:   2
0DEFAULT OMEGA BOUNDARY TEST OMITTED:    NO
0SIGMA HAS SIMPLE DIAGONAL FORM WITH DIMENSION:   1
0DEFAULT SIGMA BOUNDARY TEST OMITTED:    NO
0INITIAL ESTIMATE OF THETA:
 LOWER BOUND    INITIAL EST    UPPER BOUND
  0.0000E+00     0.1000E+01     0.1000E+07
  0.0000E+00     0.7000E+01     0.1000E+07
  0.0000E+00     0.4000E+02     0.1000E+07
  0.0000E+00     0.2000E+02     0.1000E+07
  0.0000E+00     0.3000E+02     0.1000E+07
  0.0000E+00     0.1000E+00     0.1000E+07
  0.0000E+00     0.1000E+01     0.1000E+07
0INITIAL ESTIMATE OF OMEGA:
 0.5000E-01
 0.0000E+00   0.5000E-01
0INITIAL ESTIMATE OF SIGMA:
 0.1000E+00
0COVARIANCE STEP OMITTED:        NO
 EIGENVLS. PRINTED:             YES
 SPECIAL COMPUTATION:            NO
 COMPRESSED FORMAT:              NO
 GRADIENT METHOD USED:     NOSLOW
 SIGDIGITS ETAHAT (SIGLO):                  -1
 SIGDIGITS GRADIENTS (SIGL):                -1
 EXCLUDE COV FOR FOCE (NOFCOV):              NO
 Cholesky Transposition of R Matrix (CHOLROFF):0
 KNUTHSUMOFF:                                -1
 RESUME COV ANALYSIS (RESUME):               NO
 SIR SAMPLE SIZE (SIRSAMPLE):
 NON-LINEARLY TRANSFORM THETAS DURING COV (THBND): 1
 PRECONDTIONING CYCLES (PRECOND):        0
 PRECONDTIONING TYPES (PRECONDS):        TOS
 FORCED PRECONDTIONING CYCLES (PFCOND):0
 PRECONDTIONING TYPE (PRETYPE):        0
 FORCED POS. DEFINITE SETTING DURING PRECONDITIONING: (FPOSDEF):0
 SIMPLE POS. DEFINITE SETTING: (POSDEF):-1
0TABLES STEP OMITTED:    NO
 NO. OF TABLES:           4
 SEED NUMBER (SEED):    11456
 NPDTYPE:    0
 INTERPTYPE:    0
 RANMETHOD:             3U
 MC SAMPLES (ESAMPLE):    300
 WRES SQUARE ROOT TYPE (WRESCHOL): EIGENVALUE
0-- TABLE   1 --
0RECORDS ONLY:    ALL
04 COLUMNS APPENDED:    YES
 PRINTED:                NO
 HEADERS:               ONE
 FILE TO BE FORWARDED:   NO
 FORMAT:                S1PE11.4
 IDFORMAT:
 LFORMAT:
 RFORMAT:
 FIXED_EFFECT_ETAS:
0USER-CHOSEN ITEMS:
 ID TIME CONC EVID CWRES MDV IPRED CWRES
0-- TABLE   2 --
0RECORDS ONLY:    ALL
04 COLUMNS APPENDED:    NO
 PRINTED:                NO
 HEADERS:               ONE
 FILE TO BE FORWARDED:   NO
 FORMAT:                S1PE11.4
 IDFORMAT:
 LFORMAT:
 RFORMAT:
 FIXED_EFFECT_ETAS:
0USER-CHOSEN ITEMS:
 ID CL V1 V2 Q K10 K12 K21 KD N
0-- TABLE   3 --
0RECORDS ONLY:    ALL
04 COLUMNS APPENDED:    NO
 PRINTED:                NO
 HEADERS:               ONE
 FILE TO BE FORWARDED:   NO
 FORMAT:                S1PE11.4
 IDFORMAT:
 LFORMAT:
 RFORMAT:
 FIXED_EFFECT_ETAS:
0USER-CHOSEN ITEMS:
 ID SEX ETHNI
0-- TABLE   4 --
0RECORDS ONLY:    ALL
04 COLUMNS APPENDED:    NO
 PRINTED:                NO
 HEADERS:               ONE
 FILE TO BE FORWARDED:   NO
 FORMAT:                S1PE11.4
 IDFORMAT:
 LFORMAT:
 RFORMAT:
 FIXED_EFFECT_ETAS:
0USER-CHOSEN ITEMS:
 ID BW ALB SCR eGFR AGE
1DOUBLE PRECISION PREDPP VERSION 7.6.0 (nm760)

 GENERAL NONLINEAR KINETICS MODEL WITH STIFF/NONSTIFF EQUATIONS (LSODA, ADVAN13)
0MODEL SUBROUTINE USER-SUPPLIED - ID NO. 9999
0MAXIMUM NO. OF BASIC PK PARAMETERS:   3
0COMPARTMENT ATTRIBUTES
 COMPT. NO.   FUNCTION   INITIAL    ON/OFF      DOSE      DEFAULT    DEFAULT
                         STATUS     ALLOWED    ALLOWED    FOR DOSE   FOR OBS.
    1         DOSE         ON         YES        YES        YES        YES
    2         PERIPH       ON         YES        YES        NO         NO
    3         OUTPUT       OFF        YES        NO         NO         NO
 INITIAL (BASE) TOLERANCE SETTINGS:
 NRD (RELATIVE) VALUE(S) OF TOLERANCE:   9
 ANRD (ABSOLUTE) VALUE(S) OF TOLERANCE:  12
1
 ADDITIONAL PK PARAMETERS - ASSIGNMENT OF ROWS IN GG
 COMPT. NO.                             INDICES
              SCALE      BIOAVAIL.   ZERO-ORDER  ZERO-ORDER  ABSORB
                         FRACTION    RATE        DURATION    LAG
    1            4           *           *           *           *
    2            5           *           *           *           *
    3            *           -           -           -           -
             - PARAMETER IS NOT ALLOWED FOR THIS MODEL
             * PARAMETER IS NOT SUPPLIED BY PK SUBROUTINE;
               WILL DEFAULT TO ONE IF APPLICABLE
0DATA ITEM INDICES USED BY PRED ARE:
   EVENT ID DATA ITEM IS DATA ITEM NO.:     18
   TIME DATA ITEM IS DATA ITEM NO.:          2
   DOSE AMOUNT DATA ITEM IS DATA ITEM NO.:   3
   DOSE RATE DATA ITEM IS DATA ITEM NO.:     4
   COMPT. NO. DATA ITEM IS DATA ITEM NO.:   16

0PK SUBROUTINE CALLED WITH EVERY EVENT RECORD.
 PK SUBROUTINE NOT CALLED AT NONEVENT (ADDITIONAL OR LAGGED) DOSE TIMES.
0ERROR SUBROUTINE CALLED WITH EVERY EVENT RECORD.
0DES SUBROUTINE USES COMPACT STORAGE MODE.
1


 #TBLN:      1
 #METH: First Order Conditional Estimation with Interaction

 ESTIMATION STEP OMITTED:                 NO
 SHRINK INFO WITH EVALUATION (EVALSHRINK) NO
 ANALYSIS TYPE:                           POPULATION
 NUMBER OF SADDLE POINT RESET ITERATIONS:      0
 GRADIENT METHOD USED:               NOSLOW
 CONDITIONAL ESTIMATES USED:              YES
 CENTERED ETA:                            NO
 EPS-ETA INTERACTION:                     YES
 LAPLACIAN OBJ. FUNC.:                    NO
 NO. OF FUNCT. EVALS. ALLOWED:            9999
 NO. OF SIG. FIGURES REQUIRED:            3
 INTERMEDIATE PRINTOUT:                   YES
 ESTIMATE OUTPUT TO MSF:                  NO
 IND. OBJ. FUNC. VALUES SORTED:           NO
 NUMERICAL DERIVATIVE
       FILE REQUEST (NUMDER):               NONE
 MAP (ETAHAT) ESTIMATION METHOD (OPTMAP):   0
 ETA HESSIAN EVALUATION METHOD (ETADER):    0
 INITIAL ETA FOR MAP ESTIMATION (MCETA):    0
 SIGDIGITS FOR MAP ESTIMATION (SIGLO):      100
 GRADIENT SIGDIGITS OF
       FIXED EFFECTS PARAMETERS (SIGL):     100
 NOPRIOR SETTING (NOPRIOR):                 0
 NOCOV SETTING (NOCOV):                     OFF
 DERCONT SETTING (DERCONT):                 OFF
 FINAL ETA RE-EVALUATION (FNLETA):          1
 EXCLUDE NON-INFLUENTIAL (NON-INFL.) ETAS
       IN SHRINKAGE (ETASTYPE):             NO
 NON-INFL. ETA CORRECTION (NONINFETA):      0
 RAW OUTPUT FILE (FILE): psn.ext
 EXCLUDE TITLE (NOTITLE):                   NO
 EXCLUDE COLUMN LABELS (NOLABEL):           NO
 FORMAT FOR ADDITIONAL FILES (FORMAT):      S1PE12.5
 PARAMETER ORDER FOR OUTPUTS (ORDER):       TSOL
 KNUTHSUMOFF:                               0
 INCLUDE LNTWOPI:                           NO
 INCLUDE CONSTANT TERM TO PRIOR (PRIORC):   NO
 INCLUDE CONSTANT TERM TO OMEGA (ETA) (OLNTWOPI):NO
 ADDITIONAL CONVERGENCE TEST (CTYPE=4)?:    NO
 EM OR BAYESIAN METHOD USED:                 NONE

 TOLERANCES FOR ESTIMATION/EVALUATION STEP:
 NRD (RELATIVE) VALUE(S) OF TOLERANCE:   9
 ANRD (ABSOLUTE) VALUE(S) OF TOLERANCE:  12
 TOLERANCES FOR COVARIANCE STEP:
 NRD (RELATIVE) VALUE(S) OF TOLERANCE:   9
 ANRD (ABSOLUTE) VALUE(S) OF TOLERANCE:  12
 TOLERANCES FOR TABLE/SCATTER STEP:
 NRD (RELATIVE) VALUE(S) OF TOLERANCE:   9
 ANRD (ABSOLUTE) VALUE(S) OF TOLERANCE:  12

 THE FOLLOWING LABELS ARE EQUIVALENT
 PRED=PREDI
 RES=RESI
 WRES=WRESI
 IWRS=IWRESI
 IPRD=IPREDI
 IRS=IRESI

 MONITORING OF SEARCH:


0ITERATION NO.:    0    OBJECTIVE VALUE:  -6481.70158931380        NO. OF FUNC. EVALS.:  10
 CUMULATIVE NO. OF FUNC. EVALS.:       10
 NPARAMETR:  1.0000E+00  7.0000E+00  4.0000E+01  2.0000E+01  3.0000E+01  1.0000E-01  1.0000E+00  5.0000E-02  5.0000E-02  1.0000E-01

 PARAMETER:  1.0000E-01  1.0000E-01  1.0000E-01  1.0000E-01  1.0000E-01  1.0000E-01  1.0000E-01  1.0000E-01  1.0000E-01  1.0000E-01

 GRADIENT:  -4.8640E+00  2.5650E+02 -3.5231E+02 -2.0312E+02  2.3901E+01  1.1188E+03 -1.3942E+03 -1.6225E+02 -1.6671E+02 -9.9836E+01


0ITERATION NO.:    5    OBJECTIVE VALUE:  -7120.88682944795        NO. OF FUNC. EVALS.:  55
 CUMULATIVE NO. OF FUNC. EVALS.:       65
 NPARAMETR:  9.6484E-01  8.5983E+00  1.0436E+02  7.1240E+01  1.8317E+01  4.4896E-02  8.7926E-01  2.3457E-01  9.4182E-01  6.9402E-02

 PARAMETER:  6.4209E-02  3.0565E-01  1.0590E+00  1.3703E+00 -3.9335E-01 -7.0082E-01 -2.8669E-02  8.7287E-01  1.5679E+00 -8.2627E-02

 GRADIENT:  -1.8653E+00  3.4341E+01  4.2401E+01  2.5366E+02 -3.8328E+01  5.2460E+01 -4.7574E+01  1.2267E+00  2.2995E+01  1.8262E+02


0ITERATION NO.:   10    OBJECTIVE VALUE:  -7178.99241700951        NO. OF FUNC. EVALS.:  61
 CUMULATIVE NO. OF FUNC. EVALS.:      126
 NPARAMETR:  4.1873E-01  9.2518E+00  8.9155E+01  5.4243E+01  1.9410E+01  3.7033E-02  7.8158E-01  3.2827E-01  6.7718E-01  6.2201E-02

 PARAMETER: -7.7054E-01  3.7890E-01  9.0150E-01  1.0977E+00 -3.3539E-01 -8.9335E-01 -1.4644E-01  1.0409E+00  1.4030E+00 -1.3740E-01

 GRADIENT:  -1.0828E+00  4.8643E+01  4.5113E+01  7.3772E+01 -1.1617E+01 -1.3529E+01 -4.7693E+01  1.3657E+01  1.8642E+01  1.1120E+02


0ITERATION NO.:   15    OBJECTIVE VALUE:  -7215.70942532820        NO. OF FUNC. EVALS.:  56
 CUMULATIVE NO. OF FUNC. EVALS.:      182
 NPARAMETR:  3.3142E-01  7.2821E+00  5.7323E+01  4.8960E+01  2.0035E+01  4.3210E-02  8.5194E-01  2.0124E-01  2.6280E-01  5.6502E-02

 PARAMETER: -1.0044E+00  1.3951E-01  4.5982E-01  9.9526E-01 -3.0371E-01 -7.3910E-01 -6.0243E-02  7.9623E-01  9.2968E-01 -1.8544E-01

 GRADIENT:  -4.4884E-01  7.2766E-01  1.4465E+00  5.9564E+00 -3.4900E+00  2.4730E+01 -3.2532E+01 -1.5903E+00 -1.5037E+00 -7.2984E+00


0ITERATION NO.:   20    OBJECTIVE VALUE:  -7216.10904345211        NO. OF FUNC. EVALS.:  56
 CUMULATIVE NO. OF FUNC. EVALS.:      238
 NPARAMETR:  6.7543E-01  7.3912E+00  5.7031E+01  4.8784E+01  2.0249E+01  4.2479E-02  8.4647E-01  2.0201E-01  2.7254E-01  5.6702E-02

 PARAMETER: -2.9241E-01  1.5438E-01  4.5472E-01  9.9166E-01 -2.9311E-01 -7.5617E-01 -6.6676E-02  7.9815E-01  9.4789E-01 -1.8368E-01

 GRADIENT:  -7.2436E-02  9.1963E-01  4.4959E-01 -1.8210E-01  9.1905E-02 -3.9390E-01  4.0339E-01 -1.8176E-01  2.5611E-01 -2.7675E-01


0ITERATION NO.:   25    OBJECTIVE VALUE:  -7216.13575948875        NO. OF FUNC. EVALS.: 127
 CUMULATIVE NO. OF FUNC. EVALS.:      365
 NPARAMETR:  7.3613E-01  7.4521E+00  5.7274E+01  4.8874E+01  2.0252E+01  4.2836E-02  8.5087E-01  2.0199E-01  2.7118E-01  5.6734E-02

 PARAMETER: -2.0635E-01  1.6258E-01  4.5896E-01  9.9351E-01 -2.9294E-01 -7.4780E-01 -6.1499E-02  7.9809E-01  9.4538E-01 -1.8340E-01

 GRADIENT:  -1.4046E-02  3.1367E+00 -6.9493E-02 -5.2423E-01  1.3730E-01  9.5390E-01 -1.1996E+00 -3.1282E-02  2.1654E-02 -1.8957E-01


0ITERATION NO.:   29    OBJECTIVE VALUE:  -7216.13576480830        NO. OF FUNC. EVALS.: 107
 CUMULATIVE NO. OF FUNC. EVALS.:      472
 NPARAMETR:  7.3567E-01  7.4519E+00  5.7280E+01  4.8870E+01  2.0249E+01  4.2835E-02  8.5083E-01  2.0199E-01  2.7100E-01  5.6730E-02

 PARAMETER: -2.0697E-01  1.6256E-01  4.5906E-01  9.9344E-01 -2.9308E-01 -7.4782E-01 -6.1545E-02  7.9810E-01  9.4504E-01 -1.8343E-01

 GRADIENT:  -2.9448E-03  2.8979E-02  8.0830E-03  5.6102E-03 -2.6718E-03  1.1779E-01 -1.8705E-01 -5.7743E-05 -1.5118E-02 -4.7887E-02


 #TERM:
0MINIMIZATION SUCCESSFUL
 HOWEVER, PROBLEMS OCCURRED WITH THE MINIMIZATION.
 REGARD THE RESULTS OF THE ESTIMATION STEP CAREFULLY, AND ACCEPT THEM ONLY
 AFTER CHECKING THAT THE COVARIANCE STEP PRODUCES REASONABLE OUTPUT.
 NO. OF FUNCTION EVALUATIONS USED:      472
 NO. OF SIG. DIGITS IN FINAL EST.:  3.4

 ETABAR IS THE ARITHMETIC MEAN OF THE ETA-ESTIMATES,
 AND THE P-VALUE IS GIVEN FOR THE NULL HYPOTHESIS THAT THE TRUE MEAN IS 0.

 ETABAR:         1.6898E-03  1.5745E-04
 SE:             7.7678E-02  8.7647E-02
 N:                      33          33

 P VAL.:         9.8264E-01  9.9857E-01

 ETASHRINKSD(%)  7.1280E-01  3.2813E+00
 ETASHRINKVR(%)  1.4205E+00  6.4549E+00
 EBVSHRINKSD(%)  6.1177E-01  2.8618E+00
 EBVSHRINKVR(%)  1.2198E+00  5.6417E+00
 RELATIVEINF(%)  9.8777E+01  9.4355E+01
 EPSSHRINKSD(%)  2.7955E+00
 EPSSHRINKVR(%)  5.5129E+00

  
 TOTAL DATA POINTS NORMALLY DISTRIBUTED (N):          992
 N*LOG(2PI) CONSTANT TO OBJECTIVE FUNCTION:    1823.1740498780705     
 OBJECTIVE FUNCTION VALUE WITHOUT CONSTANT:   -7216.1357648083049     
 OBJECTIVE FUNCTION VALUE WITH CONSTANT:      -5392.9617149302339     
 REPORTED OBJECTIVE FUNCTION DOES NOT CONTAIN CONSTANT
  
 TOTAL EFFECTIVE ETAS (NIND*NETA):                            66
  
 #TERE:
 Elapsed estimation  time in seconds:   159.54
 Elapsed covariance  time in seconds:   110.14
 Elapsed postprocess time in seconds:     0.92
1
 
 
 
 
 
 
 
 
 
 
 
 
 
 
 
 
 
 
 
 
 ************************************************************************************************************************
 ********************                                                                                ********************
 ********************               FIRST ORDER CONDITIONAL ESTIMATION WITH INTERACTION              ********************
 #OBJT:**************                       MINIMUM VALUE OF OBJECTIVE FUNCTION                      ********************
 ********************                                                                                ********************
 ************************************************************************************************************************
 





 #OBJV:********************************************         -7216.136       *********************************************
1
 ************************************************************************************************************************
 ********************                                                                                ********************
 ********************               FIRST ORDER CONDITIONAL ESTIMATION WITH INTERACTION              ********************
 ********************                             FINAL PARAMETER ESTIMATE                           ********************
 ********************                                                                                ********************
 ************************************************************************************************************************
 


 THETA - VECTOR OF FIXED EFFECTS PARAMETERS   *********


         TH 1      TH 2      TH 3      TH 4      TH 5      TH 6      TH 7     
 
         7.36E-01  7.45E+00  5.73E+01  4.89E+01  2.02E+01  4.28E-02  8.51E-01
 


 OMEGA - COV MATRIX FOR RANDOM EFFECTS - ETAS  ********


         ETA1      ETA2     
 
 ETA1
+        2.02E-01
 
 ETA2
+        0.00E+00  2.71E-01
 


 SIGMA - COV MATRIX FOR RANDOM EFFECTS - EPSILONS  ****


         EPS1     
 
 EPS1
+        5.67E-02
 
1


 OMEGA - CORR MATRIX FOR RANDOM EFFECTS - ETAS  *******


         ETA1      ETA2     
 
 ETA1
+        4.49E-01
 
 ETA2
+        0.00E+00  5.21E-01
 


 SIGMA - CORR MATRIX FOR RANDOM EFFECTS - EPSILONS  ***


         EPS1     
 
 EPS1
+        2.38E-01
 
1
 ************************************************************************************************************************
 ********************                                                                                ********************
 ********************               FIRST ORDER CONDITIONAL ESTIMATION WITH INTERACTION              ********************
 ********************                            STANDARD ERROR OF ESTIMATE                          ********************
 ********************                                                                                ********************
 ************************************************************************************************************************
 


 THETA - VECTOR OF FIXED EFFECTS PARAMETERS   *********


         TH 1      TH 2      TH 3      TH 4      TH 5      TH 6      TH 7     
 
         1.13E-01  5.74E-01  5.80E+00  3.09E+00  1.59E+00  5.61E-03  5.03E-02
 


 OMEGA - COV MATRIX FOR RANDOM EFFECTS - ETAS  ********


         ETA1      ETA2     
 
 ETA1
+        5.13E-02
 
 ETA2
+       .........  6.13E-02
 


 SIGMA - COV MATRIX FOR RANDOM EFFECTS - EPSILONS  ****


         EPS1     
 
 EPS1
+        4.83E-03
 
1


 OMEGA - CORR MATRIX FOR RANDOM EFFECTS - ETAS  *******


         ETA1      ETA2     
 
 ETA1
+        5.71E-02
 
 ETA2
+       .........  5.89E-02
 


 SIGMA - CORR MATRIX FOR RANDOM EFFECTS - EPSILONS  ***


         EPS1     
 
 EPS1
+        1.01E-02
 
1
 ************************************************************************************************************************
 ********************                                                                                ********************
 ********************               FIRST ORDER CONDITIONAL ESTIMATION WITH INTERACTION              ********************
 ********************                          COVARIANCE MATRIX OF ESTIMATE                         ********************
 ********************                                                                                ********************
 ************************************************************************************************************************
 

            TH 1      TH 2      TH 3      TH 4      TH 5      TH 6      TH 7      OM11      OM12      OM22      SG11  
 
 TH 1
+        1.29E-02
 
 TH 2
+        2.52E-02  3.30E-01
 
 TH 3
+        9.41E-02  1.60E+00  3.37E+01
 
 TH 4
+        2.28E-02 -3.61E-01 -4.12E+00  9.52E+00
 
 TH 5
+       -1.52E-03  1.68E-02 -2.97E+00  1.63E+00  2.52E+00
 
 TH 6
+        8.82E-05  7.54E-05 -1.19E-02 -1.08E-03  2.56E-03  3.15E-05
 
 TH 7
+        1.42E-03  6.06E-03 -3.65E-02 -8.74E-04  2.86E-02  2.59E-04  2.53E-03
 
 OM11
+        1.64E-03 -5.42E-03 -2.50E-02  3.98E-02 -8.51E-03 -1.18E-04 -1.27E-03  2.63E-03
 
 OM12
+       ......... ......... ......... ......... ......... ......... ......... ......... .........
 
 OM22
+       -3.68E-03 -1.59E-02 -3.70E-02  5.34E-02  1.08E-02 -8.43E-05 -9.02E-04  7.22E-04 .........  3.76E-03
 
 SG11
+        3.68E-05 -5.30E-05 -2.49E-03  1.22E-03 -5.74E-04 -6.19E-06 -7.68E-05  3.91E-05 .........  2.83E-05  2.34E-05
 
1
 ************************************************************************************************************************
 ********************                                                                                ********************
 ********************               FIRST ORDER CONDITIONAL ESTIMATION WITH INTERACTION              ********************
 ********************                          CORRELATION MATRIX OF ESTIMATE                        ********************
 ********************                                                                                ********************
 ************************************************************************************************************************
 

            TH 1      TH 2      TH 3      TH 4      TH 5      TH 6      TH 7      OM11      OM12      OM22      SG11  
 
 TH 1
+        1.13E-01
 
 TH 2
+        3.87E-01  5.74E-01
 
 TH 3
+        1.43E-01  4.79E-01  5.80E+00
 
 TH 4
+        6.51E-02 -2.04E-01 -2.30E-01  3.09E+00
 
 TH 5
+       -8.46E-03  1.84E-02 -3.23E-01  3.32E-01  1.59E+00
 
 TH 6
+        1.38E-01  2.34E-02 -3.64E-01 -6.25E-02  2.87E-01  5.61E-03
 
 TH 7
+        2.49E-01  2.10E-01 -1.25E-01 -5.63E-03  3.57E-01  9.18E-01  5.03E-02
 
 OM11
+        2.83E-01 -1.84E-01 -8.41E-02  2.51E-01 -1.04E-01 -4.10E-01 -4.94E-01  5.13E-02
 
 OM12
+       ......... ......... ......... ......... ......... ......... ......... ......... .........
 
 OM22
+       -5.28E-01 -4.52E-01 -1.04E-01  2.82E-01  1.11E-01 -2.45E-01 -2.92E-01  2.30E-01 .........  6.13E-02
 
 SG11
+        6.70E-02 -1.91E-02 -8.87E-02  8.16E-02 -7.47E-02 -2.28E-01 -3.16E-01  1.58E-01 .........  9.55E-02  4.83E-03
 
1
 ************************************************************************************************************************
 ********************                                                                                ********************
 ********************               FIRST ORDER CONDITIONAL ESTIMATION WITH INTERACTION              ********************
 ********************                      INVERSE COVARIANCE MATRIX OF ESTIMATE                     ********************
 ********************                                                                                ********************
 ************************************************************************************************************************
 

            TH 1      TH 2      TH 3      TH 4      TH 5      TH 6      TH 7      OM11      OM12      OM22      SG11  
 
 TH 1
+        2.38E+02
 
 TH 2
+       -3.38E+00  5.86E+00
 
 TH 3
+       -3.18E-04 -2.20E-01  8.11E-02
 
 TH 4
+       -3.45E-01  1.34E-01  2.80E-02  1.61E-01
 
 TH 5
+        1.55E+00 -3.55E-01  9.79E-02 -4.80E-02  6.67E-01
 
 TH 6
+        3.26E+03  2.43E+02  1.22E+02  9.67E+01  1.89E+02  5.25E+05
 
 TH 7
+       -6.00E+02 -3.22E+01 -1.21E+01 -1.10E+01 -2.75E+01 -6.03E+04  7.90E+03
 
 OM11
+       -3.33E+02  8.67E-01  4.53E-02 -2.24E+00 -2.02E+00 -6.97E+03  1.39E+03  1.04E+03
 
 OM12
+       ......... ......... ......... ......... ......... ......... ......... ......... .........
 
 OM22
+        2.20E+02  1.66E+01 -1.01E+00 -1.61E+00 -2.17E+00  2.45E+03 -3.88E+02 -3.21E+02 .........  6.04E+02
 
 SG11
+       -1.14E+03 -8.37E+01  2.71E+00 -1.07E+01 -8.30E+00 -4.26E+04  7.61E+03  1.96E+03 ......... -1.20E+03  5.69E+04
 
1
 
 
 
 
 
 
 
 
 
 
 
 
 
 
 
 
 
 
 
 
 ************************************************************************************************************************
 ********************                                                                                ********************
 ********************               FIRST ORDER CONDITIONAL ESTIMATION WITH INTERACTION              ********************
 ********************                      EIGENVALUES OF COR MATRIX OF ESTIMATE                     ********************
 ********************                                                                                ********************
 ************************************************************************************************************************
 

             1         2         3         4         5         6         7         8         9        10
 
         2.65E-02  1.76E-01  3.26E-01  5.17E-01  5.90E-01  9.03E-01  1.01E+00  1.50E+00  2.18E+00  2.78E+00
 
 Elapsed finaloutput time in seconds:     0.07
 #CPUT: Total CPU Time in Seconds,      269.597
Stop Time:
ma 01 dec 2025 11:22:39 CET
