di 02 dec 2025 09:51:14 CET
;; 1. Based on: run01
;; 2. Description: CeftriaxPro Base Model - Total Plasma Conc.
;; x1. TEAM2
;; 2025-11-30
$PROBLEM    CeftriaxPro Base Model Development
$INPUT      ID TIME DOSE=AMT RATE CONC=DV CONC_ID BW SEX ALB SCR eGFR
            AGE ETHNI PR DVID CMT MDV EVID
$DATA      dataset.csv IGNORE=@
$SUBROUTINE ADVAN13 ;; general nonlinear model
            TOL=9
$MODEL      NCOMP=2 ;; number of compartments
            COMP=(DOSE,DEFDOSE,DEFOBS) ;; first (central) compartment
            COMP=(PERIPH) ;; second (peripheral) compartment
$PK
TVCL = THETA(1)
  CL = TVCL * EXP(ETA(1))
TVV1 = THETA(2)
  V1 = TVV1 * EXP(ETA(2))
TVV2 = THETA(3)
  V2 = TVV2
 TVQ = THETA(4)
   Q = TVQ
 K10 = CL/V1
 K12 = Q/V1
 K21 = Q/V2
  S1 = V1 ;; scale prediction based on DOSE (mmol) and DV (mmol/L)
  S2 = V2

; Binding parameters
TVKD = THETA(5)
  KD = TVKD
 TVN = THETA(6)
   N = TVN

$THETA  (0,7.23757) ; ; CL
 (0,57.2322) ; _; V1
 (0,48.7082) ; __; V2
 (0,20.3404) ; ___; Q
 (0,0.0428922) ; ____; KD
 (0,0.85138) ; _____; N
; chech phase 1 trial, SAME order as PK
$OMEGA  0.211723  ;     ______  ; not yet known, outcome picked for next models, put a relatively small number
 0.270926  ;    _______  ; not yet known, outcome picked for next models
 ;; variance covariance matrix for interindividual variability
$SIGMA  0.0566946  ;   ________  ; EPS(1), proportional error, not yet known, outcome picked for next models
;; variance covariance matrix for residual error
$DES DADT(1) = -K10*A(1) -K12*A(1) +K21*A(2)  ;; ODE for central    compartment
     DADT(2) =            K12*A(1) -K21*A(2)  ;; ODE for peripheral compartment

$ERROR
IPRED_UNBOUND = F
IF (CONC_ID.EQ.2) IPRED = IPRED_UNBOUND ;; unbound
IF (CONC_ID.EQ.1) IPRED = IPRED_UNBOUND * (1 + (N * ALB)/(KD + IPRED_UNBOUND))

Y = IPRED + IPRED*ERR(1)
W = SQRT(IPRED**2*SIGMA(1,1))
IRES  = CONC - IPRED
IWRES = IRES / W

$SIMULATION (1673235405) ONLYSIMULATION NSUBPROBLEMS=200
$TABLE      ID MDV TIME DV ONEHEADER NOPRINT NOAPPEND IDFORMAT=I
            FILE=npctab.dta


NM-TRAN MESSAGES
  
 WARNINGS AND ERRORS (IF ANY) FOR PROBLEM    1
             
 (WARNING  2) NM-TRAN INFERS THAT THE DATA ARE POPULATION.
             
 (WARNING  3) THERE MAY BE AN ERROR IN THE ABBREVIATED CODE. THE FOLLOWING
 ONE OR MORE RANDOM VARIABLES ARE DEFINED WITH "IF" STATEMENTS THAT DO NOT
 PROVIDE DEFINITIONS FOR BOTH THE "THEN" AND "ELSE" CASES. IF ALL
 CONDITIONS FAIL, THE VALUES OF THESE VARIABLES WILL BE ZERO.
  
   IPRED

             
 (WARNING  79) SIGMA IS USED ON THE RIGHT. WITH A SUBSEQUENT RUN, IF AN
 INITIAL ESTIMATE OF A DIAGONAL BLOCK OF SIGMA IS TO BE COMPUTED BY
 NONMEM, THAT BLOCK WILL BE SET TO AN IDENTITY MATRIX DURING THAT
 COMPUTATION. THIS COULD LEAD TO AN ARITHMETIC EXCEPTION.*

 * THE MAXIMUM NUMBER OF WARNINGS OF ONE OR MORE TYPES WAS REACHED.
 IT IS POSSIBLE THAT SOME WARNING MESSAGES WERE SUPPRESSED.
  
Note: Analytical 2nd Derivatives are constructed in FSUBS but are never used.
      You may insert $ABBR DERIV2=NO after the first $PROB to save FSUBS construction and compilation time
  

License Registered to: Erwin DREESEN KU Leuven
Expiration Date:    25 JAN 2026
Current Date:        2 DEC 2025
Days until program expires :  58
1NONLINEAR MIXED EFFECTS MODEL PROGRAM (NONMEM) VERSION 7.6.0 (nm760)
 ORIGINALLY DEVELOPED BY STUART BEAL, LEWIS SHEINER, AND ALISON BOECKMANN
 CURRENT DEVELOPERS ARE ROBERT BAUER, ICON DEVELOPMENT SOLUTIONS,
 AND ALISON BOECKMANN. IMPLEMENTATION, EFFICIENCY, AND STANDARDIZATION
 PERFORMED BY NOUS INFOSYSTEMS.

 PROBLEM NO.:         1
 CeftriaxPro Base Model Development
0DATA CHECKOUT RUN:              NO
 DATA SET LOCATED ON UNIT NO.:    2
 THIS UNIT TO BE REWOUND:        NO
 CREATE/ADD TO FDATA.csv:        YES
 NO. OF DATA RECS IN DATA SET:     1519
 NO. OF DATA ITEMS IN DATA SET:  18
 ID DATA ITEM IS DATA ITEM NO.:   1
 DEP VARIABLE IS DATA ITEM NO.:   5
 MDV DATA ITEM IS DATA ITEM NO.: 17
0INDICES PASSED TO SUBROUTINE PRED:
  18   2   3   4   0   0  16   0   0   0   0
0LABELS FOR DATA ITEMS:
 ID TIME DOSE RATE CONC CONC_ID BW SEX ALB SCR eGFR AGE ETHNI PR DVID CMT MDV EVID
0FORMAT FOR DATA:
 (E2.0,E7.0,E8.0,E16.0,E20.0,E1.0,E16.0,E1.0/2E17.0,E16.0,7E2.0)

 TOT. NO. OF OBS RECS:      992
 TOT. NO. OF INDIVIDUALS:       33
0LENGTH OF THETA:   6
0DEFAULT THETA BOUNDARY TEST OMITTED:    NO
0OMEGA HAS SIMPLE DIAGONAL FORM WITH DIMENSION:   2
0DEFAULT OMEGA BOUNDARY TEST OMITTED:    NO
0SIGMA HAS SIMPLE DIAGONAL FORM WITH DIMENSION:   1
0DEFAULT SIGMA BOUNDARY TEST OMITTED:    NO
0INITIAL ESTIMATE OF THETA:
 LOWER BOUND    INITIAL EST    UPPER BOUND
  0.0000E+00     0.7238E+01     0.1000E+07
  0.0000E+00     0.5723E+02     0.1000E+07
  0.0000E+00     0.4871E+02     0.1000E+07
  0.0000E+00     0.2034E+02     0.1000E+07
  0.0000E+00     0.4289E-01     0.1000E+07
  0.0000E+00     0.8514E+00     0.1000E+07
0INITIAL ESTIMATE OF OMEGA:
 0.2117E+00
 0.0000E+00   0.2709E+00
0INITIAL ESTIMATE OF SIGMA:
 0.5669E-01
0SIMULATION STEP OMITTED:    NO
 OBJ FUNC EVALUATED:         NO
 ORIGINAL DATA USED ON EACH NEW SIMULATION:         NO
 SEEDS RESET ON EACH NEW SUPERSET ITERATION:        YES
0SIMULATION RANDOM METHOD SELECTED (RANMETHOD): 4U
SEED   1 RESET TO INITIAL: YES
 SOURCE   1:
   SEED1:    1673235405   SEED2:             0   PSEUDO-NORMAL
 NUMBER OF SUBPROBLEMS:  200
0TABLES STEP OMITTED:    NO
 NO. OF TABLES:           1
 SEED NUMBER (SEED):    11456
 NPDTYPE:    0
 INTERPTYPE:    0
 RANMETHOD:             3U
 MC SAMPLES (ESAMPLE):    300
 WRES SQUARE ROOT TYPE (WRESCHOL): EIGENVALUE
0-- TABLE   1 --
0RECORDS ONLY:    ALL
04 COLUMNS APPENDED:    NO
 PRINTED:                NO
 HEADERS:               ONE
 FILE TO BE FORWARDED:   NO
 FORMAT:                S1PE11.4
 IDFORMAT:                I
 LFORMAT:
 RFORMAT:
 FIXED_EFFECT_ETAS:
0USER-CHOSEN ITEMS:
 ID MDV TIME CONC
1DOUBLE PRECISION PREDPP VERSION 7.6.0 (nm760)

 GENERAL NONLINEAR KINETICS MODEL WITH STIFF/NONSTIFF EQUATIONS (LSODA, ADVAN13)
0MODEL SUBROUTINE USER-SUPPLIED - ID NO. 9999
0MAXIMUM NO. OF BASIC PK PARAMETERS:   3
0COMPARTMENT ATTRIBUTES
 COMPT. NO.   FUNCTION   INITIAL    ON/OFF      DOSE      DEFAULT    DEFAULT
                         STATUS     ALLOWED    ALLOWED    FOR DOSE   FOR OBS.
    1         DOSE         ON         YES        YES        YES        YES
    2         PERIPH       ON         YES        YES        NO         NO
    3         OUTPUT       OFF        YES        NO         NO         NO
 INITIAL (BASE) TOLERANCE SETTINGS:
 NRD (RELATIVE) VALUE(S) OF TOLERANCE:   9
 ANRD (ABSOLUTE) VALUE(S) OF TOLERANCE:  12
1
 ADDITIONAL PK PARAMETERS - ASSIGNMENT OF ROWS IN GG
 COMPT. NO.                             INDICES
              SCALE      BIOAVAIL.   ZERO-ORDER  ZERO-ORDER  ABSORB
                         FRACTION    RATE        DURATION    LAG
    1            4           *           *           *           *
    2            5           *           *           *           *
    3            *           -           -           -           -
             - PARAMETER IS NOT ALLOWED FOR THIS MODEL
             * PARAMETER IS NOT SUPPLIED BY PK SUBROUTINE;
               WILL DEFAULT TO ONE IF APPLICABLE
0DATA ITEM INDICES USED BY PRED ARE:
   EVENT ID DATA ITEM IS DATA ITEM NO.:     18
   TIME DATA ITEM IS DATA ITEM NO.:          2
   DOSE AMOUNT DATA ITEM IS DATA ITEM NO.:   3
   DOSE RATE DATA ITEM IS DATA ITEM NO.:     4
   COMPT. NO. DATA ITEM IS DATA ITEM NO.:   16

0PK SUBROUTINE CALLED WITH EVERY EVENT RECORD.
 PK SUBROUTINE NOT CALLED AT NONEVENT (ADDITIONAL OR LAGGED) DOSE TIMES.
0ERROR SUBROUTINE CALLED WITH EVERY EVENT RECORD.
0DES SUBROUTINE USES COMPACT STORAGE MODE.
 TOLERANCES FOR SIMULATION STEP:
 NRD (RELATIVE) VALUE(S) OF TOLERANCE:   9
 ANRD (ABSOLUTE) VALUE(S) OF TOLERANCE:  12
 TOLERANCES FOR TABLE/SCATTER STEP:
 NRD (RELATIVE) VALUE(S) OF TOLERANCE:   9
 ANRD (ABSOLUTE) VALUE(S) OF TOLERANCE:  12
1
 PROBLEM NO.:           1      SUBPROBLEM NO.:           1

 SIMULATION STEP PERFORMED
 SOURCE  1:
    SEED1:     869546073   SEED2:   -1090401908
 Elapsed simulation  time in seconds:     0.01
 ESTIMATION STEP OMITTED:                 YES
 Elapsed finaloutput time in seconds:     0.01
  
1
 PROBLEM NO.:           1      SUBPROBLEM NO.:           2

 SIMULATION STEP PERFORMED
 SOURCE  1:
    SEED1:    1762338287   SEED2:             0
 Elapsed simulation  time in seconds:     0.02
 ESTIMATION STEP OMITTED:                 YES
 Elapsed finaloutput time in seconds:     0.01
  
1
 PROBLEM NO.:           1      SUBPROBLEM NO.:           3

 SIMULATION STEP PERFORMED
 SOURCE  1:
    SEED1:    1270868746   SEED2:   -1084243446
 Elapsed simulation  time in seconds:     0.02
 ESTIMATION STEP OMITTED:                 YES
 Elapsed finaloutput time in seconds:     0.01
  
1
 PROBLEM NO.:           1      SUBPROBLEM NO.:           4

 SIMULATION STEP PERFORMED
 SOURCE  1:
    SEED1:    1080606473   SEED2:             0
 Elapsed simulation  time in seconds:     0.02
 ESTIMATION STEP OMITTED:                 YES
 Elapsed finaloutput time in seconds:     0.01
  
1
 PROBLEM NO.:           1      SUBPROBLEM NO.:           5

 SIMULATION STEP PERFORMED
 SOURCE  1:
    SEED1:     501123953   SEED2:    1047548405
 Elapsed simulation  time in seconds:     0.01
 ESTIMATION STEP OMITTED:                 YES
 Elapsed finaloutput time in seconds:     0.01
  
1
 PROBLEM NO.:           1      SUBPROBLEM NO.:           6

 SIMULATION STEP PERFORMED
 SOURCE  1:
    SEED1:     797968605   SEED2:             0
 Elapsed simulation  time in seconds:     0.01
 ESTIMATION STEP OMITTED:                 YES
 Elapsed finaloutput time in seconds:     0.01
  
1
 PROBLEM NO.:           1      SUBPROBLEM NO.:           7

 SIMULATION STEP PERFORMED
 SOURCE  1:
    SEED1:     665976167   SEED2:   -1086963137
 Elapsed simulation  time in seconds:     0.02
 ESTIMATION STEP OMITTED:                 YES
 Elapsed finaloutput time in seconds:     0.01
  
1
 PROBLEM NO.:           1      SUBPROBLEM NO.:           8

 SIMULATION STEP PERFORMED
 SOURCE  1:
    SEED1:    1807327199   SEED2:             0
 Elapsed simulation  time in seconds:     0.01
 ESTIMATION STEP OMITTED:                 YES
 Elapsed finaloutput time in seconds:     0.01
  
1
 PROBLEM NO.:           1      SUBPROBLEM NO.:           9

 SIMULATION STEP PERFORMED
 SOURCE  1:
    SEED1:    2023749011   SEED2:    1067045229
 Elapsed simulation  time in seconds:     0.02
 ESTIMATION STEP OMITTED:                 YES
 Elapsed finaloutput time in seconds:     0.01
  
1
 PROBLEM NO.:           1      SUBPROBLEM NO.:          10

 SIMULATION STEP PERFORMED
 SOURCE  1:
    SEED1:     442171048   SEED2:             0
 Elapsed simulation  time in seconds:     0.02
 ESTIMATION STEP OMITTED:                 YES
 Elapsed finaloutput time in seconds:     0.01
  
1
 PROBLEM NO.:           1      SUBPROBLEM NO.:          11

 SIMULATION STEP PERFORMED
 SOURCE  1:
    SEED1:    1369294023   SEED2:   -1071538904
 Elapsed simulation  time in seconds:     0.01
 ESTIMATION STEP OMITTED:                 YES
 Elapsed finaloutput time in seconds:     0.01
  
1
 PROBLEM NO.:           1      SUBPROBLEM NO.:          12

 SIMULATION STEP PERFORMED
 SOURCE  1:
    SEED1:    1707797610   SEED2:             0
 Elapsed simulation  time in seconds:     0.01
 ESTIMATION STEP OMITTED:                 YES
 Elapsed finaloutput time in seconds:     0.01
  
1
 PROBLEM NO.:           1      SUBPROBLEM NO.:          13

 SIMULATION STEP PERFORMED
 SOURCE  1:
    SEED1:     392419871   SEED2:    1040671311
 Elapsed simulation  time in seconds:     0.02
 ESTIMATION STEP OMITTED:                 YES
 Elapsed finaloutput time in seconds:     0.01
  
1
 PROBLEM NO.:           1      SUBPROBLEM NO.:          14

 SIMULATION STEP PERFORMED
 SOURCE  1:
    SEED1:     950577854   SEED2:             0
 Elapsed simulation  time in seconds:     0.02
 ESTIMATION STEP OMITTED:                 YES
 Elapsed finaloutput time in seconds:     0.01
  
1
 PROBLEM NO.:           1      SUBPROBLEM NO.:          15

 SIMULATION STEP PERFORMED
 SOURCE  1:
    SEED1:     797389178   SEED2:   -1091113205
 Elapsed simulation  time in seconds:     0.01
 ESTIMATION STEP OMITTED:                 YES
 Elapsed finaloutput time in seconds:     0.01
  
1
 PROBLEM NO.:           1      SUBPROBLEM NO.:          16

 SIMULATION STEP PERFORMED
 SOURCE  1:
    SEED1:    1319492076   SEED2:             0
 Elapsed simulation  time in seconds:     0.02
 ESTIMATION STEP OMITTED:                 YES
 Elapsed finaloutput time in seconds:     0.01
  
1
 PROBLEM NO.:           1      SUBPROBLEM NO.:          17

 SIMULATION STEP PERFORMED
 SOURCE  1:
    SEED1:    1211495889   SEED2:   -1076498521
 Elapsed simulation  time in seconds:     0.02
 ESTIMATION STEP OMITTED:                 YES
 Elapsed finaloutput time in seconds:     0.01
  
1
 PROBLEM NO.:           1      SUBPROBLEM NO.:          18

 SIMULATION STEP PERFORMED
 SOURCE  1:
    SEED1:      86920500   SEED2:             0
 Elapsed simulation  time in seconds:     0.01
 ESTIMATION STEP OMITTED:                 YES
 Elapsed finaloutput time in seconds:     0.01
  
1
 PROBLEM NO.:           1      SUBPROBLEM NO.:          19

 SIMULATION STEP PERFORMED
 SOURCE  1:
    SEED1:     572082579   SEED2:   -1128568698
 Elapsed simulation  time in seconds:     0.01
 ESTIMATION STEP OMITTED:                 YES
 Elapsed finaloutput time in seconds:     0.01
  
1
 PROBLEM NO.:           1      SUBPROBLEM NO.:          20

 SIMULATION STEP PERFORMED
 SOURCE  1:
    SEED1:    1429515930   SEED2:             0
 Elapsed simulation  time in seconds:     0.01
 ESTIMATION STEP OMITTED:                 YES
 Elapsed finaloutput time in seconds:     0.01
  
1
 PROBLEM NO.:           1      SUBPROBLEM NO.:          21

 SIMULATION STEP PERFORMED
 SOURCE  1:
    SEED1:    1880713237   SEED2:    1058435061
 Elapsed simulation  time in seconds:     0.02
 ESTIMATION STEP OMITTED:                 YES
 Elapsed finaloutput time in seconds:     0.01
  
1
 PROBLEM NO.:           1      SUBPROBLEM NO.:          22

 SIMULATION STEP PERFORMED
 SOURCE  1:
    SEED1:    1832663559   SEED2:             0
 Elapsed simulation  time in seconds:     0.02
 ESTIMATION STEP OMITTED:                 YES
 Elapsed finaloutput time in seconds:     0.01
  
1
 PROBLEM NO.:           1      SUBPROBLEM NO.:          23

 SIMULATION STEP PERFORMED
 SOURCE  1:
    SEED1:    1865690552   SEED2:    1063708896
 Elapsed simulation  time in seconds:     0.01
 ESTIMATION STEP OMITTED:                 YES
 Elapsed finaloutput time in seconds:     0.01
  
1
 PROBLEM NO.:           1      SUBPROBLEM NO.:          24

 SIMULATION STEP PERFORMED
 SOURCE  1:
    SEED1:     162786331   SEED2:             0
 Elapsed simulation  time in seconds:     0.02
 ESTIMATION STEP OMITTED:                 YES
 Elapsed finaloutput time in seconds:     0.01
  
1
 PROBLEM NO.:           1      SUBPROBLEM NO.:          25

 SIMULATION STEP PERFORMED
 SOURCE  1:
    SEED1:    1466646701   SEED2:   -1081882267
 Elapsed simulation  time in seconds:     0.01
 ESTIMATION STEP OMITTED:                 YES
 Elapsed finaloutput time in seconds:     0.01
  
1
 PROBLEM NO.:           1      SUBPROBLEM NO.:          26

 SIMULATION STEP PERFORMED
 SOURCE  1:
    SEED1:    1636288733   SEED2:             0
 Elapsed simulation  time in seconds:     0.01
 ESTIMATION STEP OMITTED:                 YES
 Elapsed finaloutput time in seconds:     0.01
  
1
 PROBLEM NO.:           1      SUBPROBLEM NO.:          27

 SIMULATION STEP PERFORMED
 SOURCE  1:
    SEED1:      33547558   SEED2:    1071415348
 Elapsed simulation  time in seconds:     0.02
 ESTIMATION STEP OMITTED:                 YES
 Elapsed finaloutput time in seconds:     0.01
  
1
 PROBLEM NO.:           1      SUBPROBLEM NO.:          28

 SIMULATION STEP PERFORMED
 SOURCE  1:
    SEED1:    1728648297   SEED2:             0
 Elapsed simulation  time in seconds:     0.02
 ESTIMATION STEP OMITTED:                 YES
 Elapsed finaloutput time in seconds:     0.01
  
1
 PROBLEM NO.:           1      SUBPROBLEM NO.:          29

 SIMULATION STEP PERFORMED
 SOURCE  1:
    SEED1:    1129203521   SEED2:   -1083822344
 Elapsed simulation  time in seconds:     0.02
 ESTIMATION STEP OMITTED:                 YES
 Elapsed finaloutput time in seconds:     0.01
  
1
 PROBLEM NO.:           1      SUBPROBLEM NO.:          30

 SIMULATION STEP PERFORMED
 SOURCE  1:
    SEED1:    1882515457   SEED2:             0
 Elapsed simulation  time in seconds:     0.01
 ESTIMATION STEP OMITTED:                 YES
 Elapsed finaloutput time in seconds:     0.01
  
1
 PROBLEM NO.:           1      SUBPROBLEM NO.:          31

 SIMULATION STEP PERFORMED
 SOURCE  1:
    SEED1:    1565037051   SEED2:   -1111803867
 Elapsed simulation  time in seconds:     0.01
 ESTIMATION STEP OMITTED:                 YES
 Elapsed finaloutput time in seconds:     0.01
  
1
 PROBLEM NO.:           1      SUBPROBLEM NO.:          32

 SIMULATION STEP PERFORMED
 SOURCE  1:
    SEED1:     712459535   SEED2:             0
 Elapsed simulation  time in seconds:     0.02
 ESTIMATION STEP OMITTED:                 YES
 Elapsed finaloutput time in seconds:     0.01
  
1
 PROBLEM NO.:           1      SUBPROBLEM NO.:          33

 SIMULATION STEP PERFORMED
 SOURCE  1:
    SEED1:    1717331740   SEED2:    1050012573
 Elapsed simulation  time in seconds:     0.02
 ESTIMATION STEP OMITTED:                 YES
 Elapsed finaloutput time in seconds:     0.01
  
1
 PROBLEM NO.:           1      SUBPROBLEM NO.:          34

 SIMULATION STEP PERFORMED
 SOURCE  1:
    SEED1:     104333491   SEED2:             0
 Elapsed simulation  time in seconds:     0.01
 ESTIMATION STEP OMITTED:                 YES
 Elapsed finaloutput time in seconds:     0.01
  
1
 PROBLEM NO.:           1      SUBPROBLEM NO.:          35

 SIMULATION STEP PERFORMED
 SOURCE  1:
    SEED1:     553828987   SEED2:   -1130687582
 Elapsed simulation  time in seconds:     0.02
 ESTIMATION STEP OMITTED:                 YES
 Elapsed finaloutput time in seconds:     0.01
  
1
 PROBLEM NO.:           1      SUBPROBLEM NO.:          36

 SIMULATION STEP PERFORMED
 SOURCE  1:
    SEED1:    1397966476   SEED2:             0
 Elapsed simulation  time in seconds:     0.01
 ESTIMATION STEP OMITTED:                 YES
 Elapsed finaloutput time in seconds:     0.01
  
1
 PROBLEM NO.:           1      SUBPROBLEM NO.:          37

 SIMULATION STEP PERFORMED
 SOURCE  1:
    SEED1:     194943509   SEED2:    1064313725
 Elapsed simulation  time in seconds:     0.01
 ESTIMATION STEP OMITTED:                 YES
 Elapsed finaloutput time in seconds:     0.01
  
1
 PROBLEM NO.:           1      SUBPROBLEM NO.:          38

 SIMULATION STEP PERFORMED
 SOURCE  1:
    SEED1:      38979705   SEED2:             0
 Elapsed simulation  time in seconds:     0.02
 ESTIMATION STEP OMITTED:                 YES
 Elapsed finaloutput time in seconds:     0.01
  
1
 PROBLEM NO.:           1      SUBPROBLEM NO.:          39

 SIMULATION STEP PERFORMED
 SOURCE  1:
    SEED1:    1539520495   SEED2:   -1109570486
 Elapsed simulation  time in seconds:     0.02
 ESTIMATION STEP OMITTED:                 YES
 Elapsed finaloutput time in seconds:     0.02
  
1
 PROBLEM NO.:           1      SUBPROBLEM NO.:          40

 SIMULATION STEP PERFORMED
 SOURCE  1:
    SEED1:     136420242   SEED2:             0
 Elapsed simulation  time in seconds:     0.02
 ESTIMATION STEP OMITTED:                 YES
 Elapsed finaloutput time in seconds:     0.01
  
1
 PROBLEM NO.:           1      SUBPROBLEM NO.:          41

 SIMULATION STEP PERFORMED
 SOURCE  1:
    SEED1:     813637879   SEED2:   -1082618980
 Elapsed simulation  time in seconds:     0.01
 ESTIMATION STEP OMITTED:                 YES
 Elapsed finaloutput time in seconds:     0.01
  
1
 PROBLEM NO.:           1      SUBPROBLEM NO.:          42

 SIMULATION STEP PERFORMED
 SOURCE  1:
    SEED1:     603152684   SEED2:             0
 Elapsed simulation  time in seconds:     0.02
 ESTIMATION STEP OMITTED:                 YES
 Elapsed finaloutput time in seconds:     0.01
  
1
 PROBLEM NO.:           1      SUBPROBLEM NO.:          43

 SIMULATION STEP PERFORMED
 SOURCE  1:
    SEED1:     573828513   SEED2:   -1119676197
 Elapsed simulation  time in seconds:     0.01
 ESTIMATION STEP OMITTED:                 YES
 Elapsed finaloutput time in seconds:     0.01
  
1
 PROBLEM NO.:           1      SUBPROBLEM NO.:          44

 SIMULATION STEP PERFORMED
 SOURCE  1:
    SEED1:    1187145577   SEED2:             0
 Elapsed simulation  time in seconds:     0.02
 ESTIMATION STEP OMITTED:                 YES
 Elapsed finaloutput time in seconds:     0.01
  
1
 PROBLEM NO.:           1      SUBPROBLEM NO.:          45

 SIMULATION STEP PERFORMED
 SOURCE  1:
    SEED1:     461713428   SEED2:    1027869940
 Elapsed simulation  time in seconds:     0.02
 ESTIMATION STEP OMITTED:                 YES
 Elapsed finaloutput time in seconds:     0.01
  
1
 PROBLEM NO.:           1      SUBPROBLEM NO.:          46

 SIMULATION STEP PERFORMED
 SOURCE  1:
    SEED1:    1429317005   SEED2:             0
 Elapsed simulation  time in seconds:     0.01
 ESTIMATION STEP OMITTED:                 YES
 Elapsed finaloutput time in seconds:     0.01
  
1
 PROBLEM NO.:           1      SUBPROBLEM NO.:          47

 SIMULATION STEP PERFORMED
 SOURCE  1:
    SEED1:    1554212908   SEED2:   -1105391760
 Elapsed simulation  time in seconds:     0.02
 ESTIMATION STEP OMITTED:                 YES
 Elapsed finaloutput time in seconds:     0.01
  
1
 PROBLEM NO.:           1      SUBPROBLEM NO.:          48

 SIMULATION STEP PERFORMED
 SOURCE  1:
    SEED1:    1635923158   SEED2:             0
 Elapsed simulation  time in seconds:     0.01
 ESTIMATION STEP OMITTED:                 YES
 Elapsed finaloutput time in seconds:     0.01
  
1
 PROBLEM NO.:           1      SUBPROBLEM NO.:          49

 SIMULATION STEP PERFORMED
 SOURCE  1:
    SEED1:     579726864   SEED2:   -1095807960
 Elapsed simulation  time in seconds:     0.02
 ESTIMATION STEP OMITTED:                 YES
 Elapsed finaloutput time in seconds:     0.01
  
1
 PROBLEM NO.:           1      SUBPROBLEM NO.:          50

 SIMULATION STEP PERFORMED
 SOURCE  1:
    SEED1:     553651364   SEED2:             0
 Elapsed simulation  time in seconds:     0.02
 ESTIMATION STEP OMITTED:                 YES
 Elapsed finaloutput time in seconds:     0.01
  
1
 PROBLEM NO.:           1      SUBPROBLEM NO.:          51

 SIMULATION STEP PERFORMED
 SOURCE  1:
    SEED1:     648645385   SEED2:   -1098115924
 Elapsed simulation  time in seconds:     0.01
 ESTIMATION STEP OMITTED:                 YES
 Elapsed finaloutput time in seconds:     0.01
  
1
 PROBLEM NO.:           1      SUBPROBLEM NO.:          52

 SIMULATION STEP PERFORMED
 SOURCE  1:
    SEED1:    1045745142   SEED2:             0
 Elapsed simulation  time in seconds:     0.02
 ESTIMATION STEP OMITTED:                 YES
 Elapsed finaloutput time in seconds:     0.01
  
1
 PROBLEM NO.:           1      SUBPROBLEM NO.:          53

 SIMULATION STEP PERFORMED
 SOURCE  1:
    SEED1:     161610597   SEED2:    1052876726
 Elapsed simulation  time in seconds:     0.02
 ESTIMATION STEP OMITTED:                 YES
 Elapsed finaloutput time in seconds:     0.01
  
1
 PROBLEM NO.:           1      SUBPROBLEM NO.:          54

 SIMULATION STEP PERFORMED
 SOURCE  1:
    SEED1:    1575494035   SEED2:             0
 Elapsed simulation  time in seconds:     0.01
 ESTIMATION STEP OMITTED:                 YES
 Elapsed finaloutput time in seconds:     0.01
  
1
 PROBLEM NO.:           1      SUBPROBLEM NO.:          55

 SIMULATION STEP PERFORMED
 SOURCE  1:
    SEED1:     271829373   SEED2:    1027809987
 Elapsed simulation  time in seconds:     0.01
 ESTIMATION STEP OMITTED:                 YES
 Elapsed finaloutput time in seconds:     0.01
  
1
 PROBLEM NO.:           1      SUBPROBLEM NO.:          56

 SIMULATION STEP PERFORMED
 SOURCE  1:
    SEED1:    1623014043   SEED2:             0
 Elapsed simulation  time in seconds:     0.02
 ESTIMATION STEP OMITTED:                 YES
 Elapsed finaloutput time in seconds:     0.01
  
1
 PROBLEM NO.:           1      SUBPROBLEM NO.:          57

 SIMULATION STEP PERFORMED
 SOURCE  1:
    SEED1:    1799306478   SEED2:    1059173460
 Elapsed simulation  time in seconds:     0.02
 ESTIMATION STEP OMITTED:                 YES
 Elapsed finaloutput time in seconds:     0.01
  
1
 PROBLEM NO.:           1      SUBPROBLEM NO.:          58

 SIMULATION STEP PERFORMED
 SOURCE  1:
    SEED1:    1644091839   SEED2:             0
 Elapsed simulation  time in seconds:     0.01
 ESTIMATION STEP OMITTED:                 YES
 Elapsed finaloutput time in seconds:     0.01
  
1
 PROBLEM NO.:           1      SUBPROBLEM NO.:          59

 SIMULATION STEP PERFORMED
 SOURCE  1:
    SEED1:    1790031327   SEED2:    1055593529
 Elapsed simulation  time in seconds:     0.02
 ESTIMATION STEP OMITTED:                 YES
 Elapsed finaloutput time in seconds:     0.01
  
1
 PROBLEM NO.:           1      SUBPROBLEM NO.:          60

 SIMULATION STEP PERFORMED
 SOURCE  1:
    SEED1:     618647645   SEED2:             0
 Elapsed simulation  time in seconds:     0.02
 ESTIMATION STEP OMITTED:                 YES
 Elapsed finaloutput time in seconds:     0.01
  
1
 PROBLEM NO.:           1      SUBPROBLEM NO.:          61

 SIMULATION STEP PERFORMED
 SOURCE  1:
    SEED1:    1873649741   SEED2:    1066694964
 Elapsed simulation  time in seconds:     0.01
 ESTIMATION STEP OMITTED:                 YES
 Elapsed finaloutput time in seconds:     0.01
  
1
 PROBLEM NO.:           1      SUBPROBLEM NO.:          62

 SIMULATION STEP PERFORMED
 SOURCE  1:
    SEED1:     120808088   SEED2:             0
 Elapsed simulation  time in seconds:     0.02
 ESTIMATION STEP OMITTED:                 YES
 Elapsed finaloutput time in seconds:     0.01
  
1
 PROBLEM NO.:           1      SUBPROBLEM NO.:          63

 SIMULATION STEP PERFORMED
 SOURCE  1:
    SEED1:     944300872   SEED2:   -1086358914
 Elapsed simulation  time in seconds:     0.02
 ESTIMATION STEP OMITTED:                 YES
 Elapsed finaloutput time in seconds:     0.01
  
1
 PROBLEM NO.:           1      SUBPROBLEM NO.:          64

 SIMULATION STEP PERFORMED
 SOURCE  1:
    SEED1:      49983989   SEED2:             0
 Elapsed simulation  time in seconds:     0.02
 ESTIMATION STEP OMITTED:                 YES
 Elapsed finaloutput time in seconds:     0.01
  
1
 PROBLEM NO.:           1      SUBPROBLEM NO.:          65

 SIMULATION STEP PERFORMED
 SOURCE  1:
    SEED1:    1961217868   SEED2:    1066475262
 Elapsed simulation  time in seconds:     0.01
 ESTIMATION STEP OMITTED:                 YES
 Elapsed finaloutput time in seconds:     0.01
  
1
 PROBLEM NO.:           1      SUBPROBLEM NO.:          66

 SIMULATION STEP PERFORMED
 SOURCE  1:
    SEED1:    1858603876   SEED2:             0
 Elapsed simulation  time in seconds:     0.02
 ESTIMATION STEP OMITTED:                 YES
 Elapsed finaloutput time in seconds:     0.01
  
1
 PROBLEM NO.:           1      SUBPROBLEM NO.:          67

 SIMULATION STEP PERFORMED
 SOURCE  1:
    SEED1:    2080083050   SEED2:    1065981390
 Elapsed simulation  time in seconds:     0.02
 ESTIMATION STEP OMITTED:                 YES
 Elapsed finaloutput time in seconds:     0.01
  
1
 PROBLEM NO.:           1      SUBPROBLEM NO.:          68

 SIMULATION STEP PERFORMED
 SOURCE  1:
    SEED1:    1122180416   SEED2:             0
 Elapsed simulation  time in seconds:     0.01
 ESTIMATION STEP OMITTED:                 YES
 Elapsed finaloutput time in seconds:     0.01
  
1
 PROBLEM NO.:           1      SUBPROBLEM NO.:          69

 SIMULATION STEP PERFORMED
 SOURCE  1:
    SEED1:       6061917   SEED2:    1061555491
 Elapsed simulation  time in seconds:     0.02
 ESTIMATION STEP OMITTED:                 YES
 Elapsed finaloutput time in seconds:     0.01
  
1
 PROBLEM NO.:           1      SUBPROBLEM NO.:          70

 SIMULATION STEP PERFORMED
 SOURCE  1:
    SEED1:    1889143590   SEED2:             0
 Elapsed simulation  time in seconds:     0.02
 ESTIMATION STEP OMITTED:                 YES
 Elapsed finaloutput time in seconds:     0.01
  
1
 PROBLEM NO.:           1      SUBPROBLEM NO.:          71

 SIMULATION STEP PERFORMED
 SOURCE  1:
    SEED1:    1184506517   SEED2:   -1079438173
 Elapsed simulation  time in seconds:     0.01
 ESTIMATION STEP OMITTED:                 YES
 Elapsed finaloutput time in seconds:     0.01
  
1
 PROBLEM NO.:           1      SUBPROBLEM NO.:          72

 SIMULATION STEP PERFORMED
 SOURCE  1:
    SEED1:     467061300   SEED2:             0
 Elapsed simulation  time in seconds:     0.02
 ESTIMATION STEP OMITTED:                 YES
 Elapsed finaloutput time in seconds:     0.01
  
1
 PROBLEM NO.:           1      SUBPROBLEM NO.:          73

 SIMULATION STEP PERFORMED
 SOURCE  1:
    SEED1:     794319634   SEED2:   -1087142859
 Elapsed simulation  time in seconds:     0.02
 ESTIMATION STEP OMITTED:                 YES
 Elapsed finaloutput time in seconds:     0.01
  
1
 PROBLEM NO.:           1      SUBPROBLEM NO.:          74

 SIMULATION STEP PERFORMED
 SOURCE  1:
    SEED1:    1838575937   SEED2:             0
 Elapsed simulation  time in seconds:     0.02
 ESTIMATION STEP OMITTED:                 YES
 Elapsed finaloutput time in seconds:     0.01
  
1
 PROBLEM NO.:           1      SUBPROBLEM NO.:          75

 SIMULATION STEP PERFORMED
 SOURCE  1:
    SEED1:    2133832733   SEED2:    1066374353
 Elapsed simulation  time in seconds:     0.02
 ESTIMATION STEP OMITTED:                 YES
 Elapsed finaloutput time in seconds:     0.01
  
1
 PROBLEM NO.:           1      SUBPROBLEM NO.:          76

 SIMULATION STEP PERFORMED
 SOURCE  1:
    SEED1:     908048653   SEED2:             0
 Elapsed simulation  time in seconds:     0.01
 ESTIMATION STEP OMITTED:                 YES
 Elapsed finaloutput time in seconds:     0.01
  
1
 PROBLEM NO.:           1      SUBPROBLEM NO.:          77

 SIMULATION STEP PERFORMED
 SOURCE  1:
    SEED1:     776374441   SEED2:   -1082143566
 Elapsed simulation  time in seconds:     0.01
 ESTIMATION STEP OMITTED:                 YES
 Elapsed finaloutput time in seconds:     0.01
  
1
 PROBLEM NO.:           1      SUBPROBLEM NO.:          78

 SIMULATION STEP PERFORMED
 SOURCE  1:
    SEED1:    2036808934   SEED2:             0
 Elapsed simulation  time in seconds:     0.02
 ESTIMATION STEP OMITTED:                 YES
 Elapsed finaloutput time in seconds:     0.01
  
1
 PROBLEM NO.:           1      SUBPROBLEM NO.:          79

 SIMULATION STEP PERFORMED
 SOURCE  1:
    SEED1:     457636251   SEED2:    1045778963
 Elapsed simulation  time in seconds:     0.02
 ESTIMATION STEP OMITTED:                 YES
 Elapsed finaloutput time in seconds:     0.01
  
1
 PROBLEM NO.:           1      SUBPROBLEM NO.:          80

 SIMULATION STEP PERFORMED
 SOURCE  1:
    SEED1:     275638478   SEED2:             0
 Elapsed simulation  time in seconds:     0.02
 ESTIMATION STEP OMITTED:                 YES
 Elapsed finaloutput time in seconds:     0.01
  
1
 PROBLEM NO.:           1      SUBPROBLEM NO.:          81

 SIMULATION STEP PERFORMED
 SOURCE  1:
    SEED1:     504765395   SEED2:    1031722278
 Elapsed simulation  time in seconds:     0.01
 ESTIMATION STEP OMITTED:                 YES
 Elapsed finaloutput time in seconds:     0.01
  
1
 PROBLEM NO.:           1      SUBPROBLEM NO.:          82

 SIMULATION STEP PERFORMED
 SOURCE  1:
    SEED1:    1631208735   SEED2:             0
 Elapsed simulation  time in seconds:     0.02
 ESTIMATION STEP OMITTED:                 YES
 Elapsed finaloutput time in seconds:     0.01
  
1
 PROBLEM NO.:           1      SUBPROBLEM NO.:          83

 SIMULATION STEP PERFORMED
 SOURCE  1:
    SEED1:    1186019485   SEED2:   -1095930607
 Elapsed simulation  time in seconds:     0.01
 ESTIMATION STEP OMITTED:                 YES
 Elapsed finaloutput time in seconds:     0.01
  
1
 PROBLEM NO.:           1      SUBPROBLEM NO.:          84

 SIMULATION STEP PERFORMED
 SOURCE  1:
    SEED1:     507231172   SEED2:             0
 Elapsed simulation  time in seconds:     0.02
 ESTIMATION STEP OMITTED:                 YES
 Elapsed finaloutput time in seconds:     0.01
  
1
 PROBLEM NO.:           1      SUBPROBLEM NO.:          85

 SIMULATION STEP PERFORMED
 SOURCE  1:
    SEED1:    1046292179   SEED2:   -1076558663
 Elapsed simulation  time in seconds:     0.02
 ESTIMATION STEP OMITTED:                 YES
 Elapsed finaloutput time in seconds:     0.01
  
1
 PROBLEM NO.:           1      SUBPROBLEM NO.:          86

 SIMULATION STEP PERFORMED
 SOURCE  1:
    SEED1:    1678126030   SEED2:             0
 Elapsed simulation  time in seconds:     0.01
 ESTIMATION STEP OMITTED:                 YES
 Elapsed finaloutput time in seconds:     0.01
  
1
 PROBLEM NO.:           1      SUBPROBLEM NO.:          87

 SIMULATION STEP PERFORMED
 SOURCE  1:
    SEED1:     725303831   SEED2:   -1088582428
 Elapsed simulation  time in seconds:     0.01
 ESTIMATION STEP OMITTED:                 YES
 Elapsed finaloutput time in seconds:     0.01
  
1
 PROBLEM NO.:           1      SUBPROBLEM NO.:          88

 SIMULATION STEP PERFORMED
 SOURCE  1:
    SEED1:     136831817   SEED2:             0
 Elapsed simulation  time in seconds:     0.02
 ESTIMATION STEP OMITTED:                 YES
 Elapsed finaloutput time in seconds:     0.01
  
1
 PROBLEM NO.:           1      SUBPROBLEM NO.:          89

 SIMULATION STEP PERFORMED
 SOURCE  1:
    SEED1:     968555431   SEED2:   -1086601549
 Elapsed simulation  time in seconds:     0.02
 ESTIMATION STEP OMITTED:                 YES
 Elapsed finaloutput time in seconds:     0.01
  
1
 PROBLEM NO.:           1      SUBPROBLEM NO.:          90

 SIMULATION STEP PERFORMED
 SOURCE  1:
    SEED1:    1587494112   SEED2:             0
 Elapsed simulation  time in seconds:     0.01
 ESTIMATION STEP OMITTED:                 YES
 Elapsed finaloutput time in seconds:     0.01
  
1
 PROBLEM NO.:           1      SUBPROBLEM NO.:          91

 SIMULATION STEP PERFORMED
 SOURCE  1:
    SEED1:    1057580819   SEED2:   -1080542905
 Elapsed simulation  time in seconds:     0.02
 ESTIMATION STEP OMITTED:                 YES
 Elapsed finaloutput time in seconds:     0.01
  
1
 PROBLEM NO.:           1      SUBPROBLEM NO.:          92

 SIMULATION STEP PERFORMED
 SOURCE  1:
    SEED1:     249441892   SEED2:             0
 Elapsed simulation  time in seconds:     0.02
 ESTIMATION STEP OMITTED:                 YES
 Elapsed finaloutput time in seconds:     0.01
  
1
 PROBLEM NO.:           1      SUBPROBLEM NO.:          93

 SIMULATION STEP PERFORMED
 SOURCE  1:
    SEED1:    1256783497   SEED2:   -1078029882
 Elapsed simulation  time in seconds:     0.01
 ESTIMATION STEP OMITTED:                 YES
 Elapsed finaloutput time in seconds:     0.01
  
1
 PROBLEM NO.:           1      SUBPROBLEM NO.:          94

 SIMULATION STEP PERFORMED
 SOURCE  1:
    SEED1:    1190795593   SEED2:             0
 Elapsed simulation  time in seconds:     0.02
 ESTIMATION STEP OMITTED:                 YES
 Elapsed finaloutput time in seconds:     0.01
  
1
 PROBLEM NO.:           1      SUBPROBLEM NO.:          95

 SIMULATION STEP PERFORMED
 SOURCE  1:
    SEED1:    1535926901   SEED2:   -1099684607
 Elapsed simulation  time in seconds:     0.01
 ESTIMATION STEP OMITTED:                 YES
 Elapsed finaloutput time in seconds:     0.01
  
1
 PROBLEM NO.:           1      SUBPROBLEM NO.:          96

 SIMULATION STEP PERFORMED
 SOURCE  1:
    SEED1:    1736889816   SEED2:             0
 Elapsed simulation  time in seconds:     0.02
 ESTIMATION STEP OMITTED:                 YES
 Elapsed finaloutput time in seconds:     0.01
  
1
 PROBLEM NO.:           1      SUBPROBLEM NO.:          97

 SIMULATION STEP PERFORMED
 SOURCE  1:
    SEED1:     885180185   SEED2:   -1097424207
 Elapsed simulation  time in seconds:     0.01
 ESTIMATION STEP OMITTED:                 YES
 Elapsed finaloutput time in seconds:     0.01
  
1
 PROBLEM NO.:           1      SUBPROBLEM NO.:          98

 SIMULATION STEP PERFORMED
 SOURCE  1:
    SEED1:    1354777199   SEED2:             0
 Elapsed simulation  time in seconds:     0.02
 ESTIMATION STEP OMITTED:                 YES
 Elapsed finaloutput time in seconds:     0.01
  
1
 PROBLEM NO.:           1      SUBPROBLEM NO.:          99

 SIMULATION STEP PERFORMED
 SOURCE  1:
    SEED1:     639212323   SEED2:   -1088295068
 Elapsed simulation  time in seconds:     0.02
 ESTIMATION STEP OMITTED:                 YES
 Elapsed finaloutput time in seconds:     0.01
  
1
 PROBLEM NO.:           1      SUBPROBLEM NO.:         100

 SIMULATION STEP PERFORMED
 SOURCE  1:
    SEED1:    1459463631   SEED2:             0
 Elapsed simulation  time in seconds:     0.01
 ESTIMATION STEP OMITTED:                 YES
 Elapsed finaloutput time in seconds:     0.01
  
1
 PROBLEM NO.:           1      SUBPROBLEM NO.:         101

 SIMULATION STEP PERFORMED
 SOURCE  1:
    SEED1:     850001432   SEED2:   -1079899798
 Elapsed simulation  time in seconds:     0.02
 ESTIMATION STEP OMITTED:                 YES
 Elapsed finaloutput time in seconds:     0.01
  
1
 PROBLEM NO.:           1      SUBPROBLEM NO.:         102

 SIMULATION STEP PERFORMED
 SOURCE  1:
    SEED1:     671692523   SEED2:             0
 Elapsed simulation  time in seconds:     0.02
 ESTIMATION STEP OMITTED:                 YES
 Elapsed finaloutput time in seconds:     0.01
  
1
 PROBLEM NO.:           1      SUBPROBLEM NO.:         103

 SIMULATION STEP PERFORMED
 SOURCE  1:
    SEED1:    1419118986   SEED2:   -1085796799
 Elapsed simulation  time in seconds:     0.02
 ESTIMATION STEP OMITTED:                 YES
 Elapsed finaloutput time in seconds:     0.01
  
1
 PROBLEM NO.:           1      SUBPROBLEM NO.:         104

 SIMULATION STEP PERFORMED
 SOURCE  1:
    SEED1:    1754699122   SEED2:             0
 Elapsed simulation  time in seconds:     0.02
 ESTIMATION STEP OMITTED:                 YES
 Elapsed finaloutput time in seconds:     0.01
  
1
 PROBLEM NO.:           1      SUBPROBLEM NO.:         105

 SIMULATION STEP PERFORMED
 SOURCE  1:
    SEED1:     679087635   SEED2:   -1089734652
 Elapsed simulation  time in seconds:     0.02
 ESTIMATION STEP OMITTED:                 YES
 Elapsed finaloutput time in seconds:     0.01
  
1
 PROBLEM NO.:           1      SUBPROBLEM NO.:         106

 SIMULATION STEP PERFORMED
 SOURCE  1:
    SEED1:    1021637121   SEED2:             0
 Elapsed simulation  time in seconds:     0.01
 ESTIMATION STEP OMITTED:                 YES
 Elapsed finaloutput time in seconds:     0.01
  
1
 PROBLEM NO.:           1      SUBPROBLEM NO.:         107

 SIMULATION STEP PERFORMED
 SOURCE  1:
    SEED1:    1144785302   SEED2:   -1086963739
 Elapsed simulation  time in seconds:     0.02
 ESTIMATION STEP OMITTED:                 YES
 Elapsed finaloutput time in seconds:     0.01
  
1
 PROBLEM NO.:           1      SUBPROBLEM NO.:         108

 SIMULATION STEP PERFORMED
 SOURCE  1:
    SEED1:     717271367   SEED2:             0
 Elapsed simulation  time in seconds:     0.02
 ESTIMATION STEP OMITTED:                 YES
 Elapsed finaloutput time in seconds:     0.01
  
1
 PROBLEM NO.:           1      SUBPROBLEM NO.:         109

 SIMULATION STEP PERFORMED
 SOURCE  1:
    SEED1:    1926871578   SEED2:    1057040554
 Elapsed simulation  time in seconds:     0.02
 ESTIMATION STEP OMITTED:                 YES
 Elapsed finaloutput time in seconds:     0.01
  
1
 PROBLEM NO.:           1      SUBPROBLEM NO.:         110

 SIMULATION STEP PERFORMED
 SOURCE  1:
    SEED1:      61443689   SEED2:             0
 Elapsed simulation  time in seconds:     0.02
 ESTIMATION STEP OMITTED:                 YES
 Elapsed finaloutput time in seconds:     0.01
  
1
 PROBLEM NO.:           1      SUBPROBLEM NO.:         111

 SIMULATION STEP PERFORMED
 SOURCE  1:
    SEED1:     163412970   SEED2:    1062439824
 Elapsed simulation  time in seconds:     0.01
 ESTIMATION STEP OMITTED:                 YES
 Elapsed finaloutput time in seconds:     0.01
  
1
 PROBLEM NO.:           1      SUBPROBLEM NO.:         112

 SIMULATION STEP PERFORMED
 SOURCE  1:
    SEED1:    1769794156   SEED2:             0
 Elapsed simulation  time in seconds:     0.02
 ESTIMATION STEP OMITTED:                 YES
 Elapsed finaloutput time in seconds:     0.01
  
1
 PROBLEM NO.:           1      SUBPROBLEM NO.:         113

 SIMULATION STEP PERFORMED
 SOURCE  1:
    SEED1:     588290251   SEED2:   -1095418592
 Elapsed simulation  time in seconds:     0.01
 ESTIMATION STEP OMITTED:                 YES
 Elapsed finaloutput time in seconds:     0.01
  
1
 PROBLEM NO.:           1      SUBPROBLEM NO.:         114

 SIMULATION STEP PERFORMED
 SOURCE  1:
    SEED1:     973060953   SEED2:             0
 Elapsed simulation  time in seconds:     0.02
 ESTIMATION STEP OMITTED:                 YES
 Elapsed finaloutput time in seconds:     0.01
  
1
 PROBLEM NO.:           1      SUBPROBLEM NO.:         115

 SIMULATION STEP PERFORMED
 SOURCE  1:
    SEED1:    1644886318   SEED2:    1024150177
 Elapsed simulation  time in seconds:     0.02
 ESTIMATION STEP OMITTED:                 YES
 Elapsed finaloutput time in seconds:     0.01
  
1
 PROBLEM NO.:           1      SUBPROBLEM NO.:         116

 SIMULATION STEP PERFORMED
 SOURCE  1:
    SEED1:    2067166860   SEED2:             0
 Elapsed simulation  time in seconds:     0.01
 ESTIMATION STEP OMITTED:                 YES
 Elapsed finaloutput time in seconds:     0.01
  
1
 PROBLEM NO.:           1      SUBPROBLEM NO.:         117

 SIMULATION STEP PERFORMED
 SOURCE  1:
    SEED1:    1003815127   SEED2:   -1082241035
 Elapsed simulation  time in seconds:     0.02
 ESTIMATION STEP OMITTED:                 YES
 Elapsed finaloutput time in seconds:     0.01
  
1
 PROBLEM NO.:           1      SUBPROBLEM NO.:         118

 SIMULATION STEP PERFORMED
 SOURCE  1:
    SEED1:    1026621630   SEED2:             0
 Elapsed simulation  time in seconds:     0.02
 ESTIMATION STEP OMITTED:                 YES
 Elapsed finaloutput time in seconds:     0.01
  
1
 PROBLEM NO.:           1      SUBPROBLEM NO.:         119

 SIMULATION STEP PERFORMED
 SOURCE  1:
    SEED1:    1592252003   SEED2:   -1114927992
 Elapsed simulation  time in seconds:     0.02
 ESTIMATION STEP OMITTED:                 YES
 Elapsed finaloutput time in seconds:     0.01
  
1
 PROBLEM NO.:           1      SUBPROBLEM NO.:         120

 SIMULATION STEP PERFORMED
 SOURCE  1:
    SEED1:     470117711   SEED2:             0
 Elapsed simulation  time in seconds:     0.01
 ESTIMATION STEP OMITTED:                 YES
 Elapsed finaloutput time in seconds:     0.01
  
1
 PROBLEM NO.:           1      SUBPROBLEM NO.:         121

 SIMULATION STEP PERFORMED
 SOURCE  1:
    SEED1:      79287068   SEED2:    1069199890
 Elapsed simulation  time in seconds:     0.02
 ESTIMATION STEP OMITTED:                 YES
 Elapsed finaloutput time in seconds:     0.01
  
1
 PROBLEM NO.:           1      SUBPROBLEM NO.:         122

 SIMULATION STEP PERFORMED
 SOURCE  1:
    SEED1:    2081994027   SEED2:             0
 Elapsed simulation  time in seconds:     0.02
 ESTIMATION STEP OMITTED:                 YES
 Elapsed finaloutput time in seconds:     0.01
  
1
 PROBLEM NO.:           1      SUBPROBLEM NO.:         123

 SIMULATION STEP PERFORMED
 SOURCE  1:
    SEED1:    1869417261   SEED2:    1058050982
 Elapsed simulation  time in seconds:     0.01
 ESTIMATION STEP OMITTED:                 YES
 Elapsed finaloutput time in seconds:     0.01
  
1
 PROBLEM NO.:           1      SUBPROBLEM NO.:         124

 SIMULATION STEP PERFORMED
 SOURCE  1:
    SEED1:    1210369118   SEED2:             0
 Elapsed simulation  time in seconds:     0.02
 ESTIMATION STEP OMITTED:                 YES
 Elapsed finaloutput time in seconds:     0.01
  
1
 PROBLEM NO.:           1      SUBPROBLEM NO.:         125

 SIMULATION STEP PERFORMED
 SOURCE  1:
    SEED1:    1157337438   SEED2:   -1080992895
 Elapsed simulation  time in seconds:     0.02
 ESTIMATION STEP OMITTED:                 YES
 Elapsed finaloutput time in seconds:     0.01
  
1
 PROBLEM NO.:           1      SUBPROBLEM NO.:         126

 SIMULATION STEP PERFORMED
 SOURCE  1:
    SEED1:    1975917376   SEED2:             0
 Elapsed simulation  time in seconds:     0.01
 ESTIMATION STEP OMITTED:                 YES
 Elapsed finaloutput time in seconds:     0.01
  
1
 PROBLEM NO.:           1      SUBPROBLEM NO.:         127

 SIMULATION STEP PERFORMED
 SOURCE  1:
    SEED1:    1835847238   SEED2:    1057824892
 Elapsed simulation  time in seconds:     0.02
 ESTIMATION STEP OMITTED:                 YES
 Elapsed finaloutput time in seconds:     0.01
  
1
 PROBLEM NO.:           1      SUBPROBLEM NO.:         128

 SIMULATION STEP PERFORMED
 SOURCE  1:
    SEED1:    1743237523   SEED2:             0
 Elapsed simulation  time in seconds:     0.02
 ESTIMATION STEP OMITTED:                 YES
 Elapsed finaloutput time in seconds:     0.01
  
1
 PROBLEM NO.:           1      SUBPROBLEM NO.:         129

 SIMULATION STEP PERFORMED
 SOURCE  1:
    SEED1:    1943104031   SEED2:    1054970459
 Elapsed simulation  time in seconds:     0.02
 ESTIMATION STEP OMITTED:                 YES
 Elapsed finaloutput time in seconds:     0.01
  
1
 PROBLEM NO.:           1      SUBPROBLEM NO.:         130

 SIMULATION STEP PERFORMED
 SOURCE  1:
    SEED1:     554136296   SEED2:             0
 Elapsed simulation  time in seconds:     0.01
 ESTIMATION STEP OMITTED:                 YES
 Elapsed finaloutput time in seconds:     0.01
  
1
 PROBLEM NO.:           1      SUBPROBLEM NO.:         131

 SIMULATION STEP PERFORMED
 SOURCE  1:
    SEED1:     763933866   SEED2:   -1096657595
 Elapsed simulation  time in seconds:     0.02
 ESTIMATION STEP OMITTED:                 YES
 Elapsed finaloutput time in seconds:     0.01
  
1
 PROBLEM NO.:           1      SUBPROBLEM NO.:         132

 SIMULATION STEP PERFORMED
 SOURCE  1:
    SEED1:    1033014600   SEED2:             0
 Elapsed simulation  time in seconds:     0.02
 ESTIMATION STEP OMITTED:                 YES
 Elapsed finaloutput time in seconds:     0.01
  
1
 PROBLEM NO.:           1      SUBPROBLEM NO.:         133

 SIMULATION STEP PERFORMED
 SOURCE  1:
    SEED1:    1011327323   SEED2:   -1076073602
 Elapsed simulation  time in seconds:     0.01
 ESTIMATION STEP OMITTED:                 YES
 Elapsed finaloutput time in seconds:     0.01
  
1
 PROBLEM NO.:           1      SUBPROBLEM NO.:         134

 SIMULATION STEP PERFORMED
 SOURCE  1:
    SEED1:      48858303   SEED2:             0
 Elapsed simulation  time in seconds:     0.02
 ESTIMATION STEP OMITTED:                 YES
 Elapsed finaloutput time in seconds:     0.01
  
1
 PROBLEM NO.:           1      SUBPROBLEM NO.:         135

 SIMULATION STEP PERFORMED
 SOURCE  1:
    SEED1:    1610952328   SEED2:     986697024
 Elapsed simulation  time in seconds:     0.02
 ESTIMATION STEP OMITTED:                 YES
 Elapsed finaloutput time in seconds:     0.01
  
1
 PROBLEM NO.:           1      SUBPROBLEM NO.:         136

 SIMULATION STEP PERFORMED
 SOURCE  1:
    SEED1:    1403402823   SEED2:             0
 Elapsed simulation  time in seconds:     0.01
 ESTIMATION STEP OMITTED:                 YES
 Elapsed finaloutput time in seconds:     0.01
  
1
 PROBLEM NO.:           1      SUBPROBLEM NO.:         137

 SIMULATION STEP PERFORMED
 SOURCE  1:
    SEED1:    1323125557   SEED2:   -1099218097
 Elapsed simulation  time in seconds:     0.01
 ESTIMATION STEP OMITTED:                 YES
 Elapsed finaloutput time in seconds:     0.01
  
1
 PROBLEM NO.:           1      SUBPROBLEM NO.:         138

 SIMULATION STEP PERFORMED
 SOURCE  1:
    SEED1:    1409694532   SEED2:             0
 Elapsed simulation  time in seconds:     0.02
 ESTIMATION STEP OMITTED:                 YES
 Elapsed finaloutput time in seconds:     0.01
  
1
 PROBLEM NO.:           1      SUBPROBLEM NO.:         139

 SIMULATION STEP PERFORMED
 SOURCE  1:
    SEED1:     461858565   SEED2:    1050363405
 Elapsed simulation  time in seconds:     0.02
 ESTIMATION STEP OMITTED:                 YES
 Elapsed finaloutput time in seconds:     0.01
  
1
 PROBLEM NO.:           1      SUBPROBLEM NO.:         140

 SIMULATION STEP PERFORMED
 SOURCE  1:
    SEED1:    1720215456   SEED2:             0
 Elapsed simulation  time in seconds:     0.01
 ESTIMATION STEP OMITTED:                 YES
 Elapsed finaloutput time in seconds:     0.01
  
1
 PROBLEM NO.:           1      SUBPROBLEM NO.:         141

 SIMULATION STEP PERFORMED
 SOURCE  1:
    SEED1:     945896535   SEED2:   -1093854084
 Elapsed simulation  time in seconds:     0.02
 ESTIMATION STEP OMITTED:                 YES
 Elapsed finaloutput time in seconds:     0.01
  
1
 PROBLEM NO.:           1      SUBPROBLEM NO.:         142

 SIMULATION STEP PERFORMED
 SOURCE  1:
    SEED1:    1586541407   SEED2:             0
 Elapsed simulation  time in seconds:     0.02
 ESTIMATION STEP OMITTED:                 YES
 Elapsed finaloutput time in seconds:     0.01
  
1
 PROBLEM NO.:           1      SUBPROBLEM NO.:         143

 SIMULATION STEP PERFORMED
 SOURCE  1:
    SEED1:    1703548869   SEED2:    1054903223
 Elapsed simulation  time in seconds:     0.01
 ESTIMATION STEP OMITTED:                 YES
 Elapsed finaloutput time in seconds:     0.01
  
1
 PROBLEM NO.:           1      SUBPROBLEM NO.:         144

 SIMULATION STEP PERFORMED
 SOURCE  1:
    SEED1:    2117145573   SEED2:             0
 Elapsed simulation  time in seconds:     0.02
 ESTIMATION STEP OMITTED:                 YES
 Elapsed finaloutput time in seconds:     0.01
  
1
 PROBLEM NO.:           1      SUBPROBLEM NO.:         145

 SIMULATION STEP PERFORMED
 SOURCE  1:
    SEED1:    1869887526   SEED2:    1057482234
 Elapsed simulation  time in seconds:     0.02
 ESTIMATION STEP OMITTED:                 YES
 Elapsed finaloutput time in seconds:     0.01
  
1
 PROBLEM NO.:           1      SUBPROBLEM NO.:         146

 SIMULATION STEP PERFORMED
 SOURCE  1:
    SEED1:    2088248012   SEED2:             0
 Elapsed simulation  time in seconds:     0.01
 ESTIMATION STEP OMITTED:                 YES
 Elapsed finaloutput time in seconds:     0.01
  
1
 PROBLEM NO.:           1      SUBPROBLEM NO.:         147

 SIMULATION STEP PERFORMED
 SOURCE  1:
    SEED1:    1821398005   SEED2:    1059209363
 Elapsed simulation  time in seconds:     0.01
 ESTIMATION STEP OMITTED:                 YES
 Elapsed finaloutput time in seconds:     0.01
  
1
 PROBLEM NO.:           1      SUBPROBLEM NO.:         148

 SIMULATION STEP PERFORMED
 SOURCE  1:
    SEED1:     208552058   SEED2:             0
 Elapsed simulation  time in seconds:     0.02
 ESTIMATION STEP OMITTED:                 YES
 Elapsed finaloutput time in seconds:     0.01
  
1
 PROBLEM NO.:           1      SUBPROBLEM NO.:         149

 SIMULATION STEP PERFORMED
 SOURCE  1:
    SEED1:    1155105246   SEED2:   -1073756795
 Elapsed simulation  time in seconds:     0.02
 ESTIMATION STEP OMITTED:                 YES
 Elapsed finaloutput time in seconds:     0.01
  
1
 PROBLEM NO.:           1      SUBPROBLEM NO.:         150

 SIMULATION STEP PERFORMED
 SOURCE  1:
    SEED1:     683138391   SEED2:             0
 Elapsed simulation  time in seconds:     0.01
 ESTIMATION STEP OMITTED:                 YES
 Elapsed finaloutput time in seconds:     0.01
  
1
 PROBLEM NO.:           1      SUBPROBLEM NO.:         151

 SIMULATION STEP PERFORMED
 SOURCE  1:
    SEED1:     551838185   SEED2:   -1127772053
 Elapsed simulation  time in seconds:     0.01
 ESTIMATION STEP OMITTED:                 YES
 Elapsed finaloutput time in seconds:     0.01
  
1
 PROBLEM NO.:           1      SUBPROBLEM NO.:         152

 SIMULATION STEP PERFORMED
 SOURCE  1:
    SEED1:     496351939   SEED2:             0
 Elapsed simulation  time in seconds:     0.02
 ESTIMATION STEP OMITTED:                 YES
 Elapsed finaloutput time in seconds:     0.01
  
1
 PROBLEM NO.:           1      SUBPROBLEM NO.:         153

 SIMULATION STEP PERFORMED
 SOURCE  1:
    SEED1:     471089797   SEED2:    1050553234
 Elapsed simulation  time in seconds:     0.02
 ESTIMATION STEP OMITTED:                 YES
 Elapsed finaloutput time in seconds:     0.01
  
1
 PROBLEM NO.:           1      SUBPROBLEM NO.:         154

 SIMULATION STEP PERFORMED
 SOURCE  1:
    SEED1:    1966307400   SEED2:             0
 Elapsed simulation  time in seconds:     0.02
 ESTIMATION STEP OMITTED:                 YES
 Elapsed finaloutput time in seconds:     0.02
  
1
 PROBLEM NO.:           1      SUBPROBLEM NO.:         155

 SIMULATION STEP PERFORMED
 SOURCE  1:
    SEED1:     466121907   SEED2:    1026879806
 Elapsed simulation  time in seconds:     0.01
 ESTIMATION STEP OMITTED:                 YES
 Elapsed finaloutput time in seconds:     0.01
  
1
 PROBLEM NO.:           1      SUBPROBLEM NO.:         156

 SIMULATION STEP PERFORMED
 SOURCE  1:
    SEED1:    1236347457   SEED2:             0
 Elapsed simulation  time in seconds:     0.02
 ESTIMATION STEP OMITTED:                 YES
 Elapsed finaloutput time in seconds:     0.01
  
1
 PROBLEM NO.:           1      SUBPROBLEM NO.:         157

 SIMULATION STEP PERFORMED
 SOURCE  1:
    SEED1:     779079617   SEED2:   -1075243575
 Elapsed simulation  time in seconds:     0.02
 ESTIMATION STEP OMITTED:                 YES
 Elapsed finaloutput time in seconds:     0.01
  
1
 PROBLEM NO.:           1      SUBPROBLEM NO.:         158

 SIMULATION STEP PERFORMED
 SOURCE  1:
    SEED1:    1243205133   SEED2:             0
 Elapsed simulation  time in seconds:     0.01
 ESTIMATION STEP OMITTED:                 YES
 Elapsed finaloutput time in seconds:     0.01
  
1
 PROBLEM NO.:           1      SUBPROBLEM NO.:         159

 SIMULATION STEP PERFORMED
 SOURCE  1:
    SEED1:     171557476   SEED2:    1053383482
 Elapsed simulation  time in seconds:     0.02
 ESTIMATION STEP OMITTED:                 YES
 Elapsed finaloutput time in seconds:     0.01
  
1
 PROBLEM NO.:           1      SUBPROBLEM NO.:         160

 SIMULATION STEP PERFORMED
 SOURCE  1:
    SEED1:     342636184   SEED2:             0
 Elapsed simulation  time in seconds:     0.01
 ESTIMATION STEP OMITTED:                 YES
 Elapsed finaloutput time in seconds:     0.01
  
1
 PROBLEM NO.:           1      SUBPROBLEM NO.:         161

 SIMULATION STEP PERFORMED
 SOURCE  1:
    SEED1:     164093397   SEED2:    1076360388
 Elapsed simulation  time in seconds:     0.02
 ESTIMATION STEP OMITTED:                 YES
 Elapsed finaloutput time in seconds:     0.01
  
1
 PROBLEM NO.:           1      SUBPROBLEM NO.:         162

 SIMULATION STEP PERFORMED
 SOURCE  1:
    SEED1:    1625334523   SEED2:             0
 Elapsed simulation  time in seconds:     0.02
 ESTIMATION STEP OMITTED:                 YES
 Elapsed finaloutput time in seconds:     0.01
  
1
 PROBLEM NO.:           1      SUBPROBLEM NO.:         163

 SIMULATION STEP PERFORMED
 SOURCE  1:
    SEED1:     345348543   SEED2:    1063699243
 Elapsed simulation  time in seconds:     0.02
 ESTIMATION STEP OMITTED:                 YES
 Elapsed finaloutput time in seconds:     0.01
  
1
 PROBLEM NO.:           1      SUBPROBLEM NO.:         164

 SIMULATION STEP PERFORMED
 SOURCE  1:
    SEED1:    1979553302   SEED2:             0
 Elapsed simulation  time in seconds:     0.02
 ESTIMATION STEP OMITTED:                 YES
 Elapsed finaloutput time in seconds:     0.01
  
1
 PROBLEM NO.:           1      SUBPROBLEM NO.:         165

 SIMULATION STEP PERFORMED
 SOURCE  1:
    SEED1:      46437301   SEED2:    1065643803
 Elapsed simulation  time in seconds:     0.02
 ESTIMATION STEP OMITTED:                 YES
 Elapsed finaloutput time in seconds:     0.01
  
1
 PROBLEM NO.:           1      SUBPROBLEM NO.:         166

 SIMULATION STEP PERFORMED
 SOURCE  1:
    SEED1:    1392602988   SEED2:             0
 Elapsed simulation  time in seconds:     0.02
 ESTIMATION STEP OMITTED:                 YES
 Elapsed finaloutput time in seconds:     0.01
  
1
 PROBLEM NO.:           1      SUBPROBLEM NO.:         167

 SIMULATION STEP PERFORMED
 SOURCE  1:
    SEED1:    1641899894   SEED2:    1019047717
 Elapsed simulation  time in seconds:     0.01
 ESTIMATION STEP OMITTED:                 YES
 Elapsed finaloutput time in seconds:     0.01
  
1
 PROBLEM NO.:           1      SUBPROBLEM NO.:         168

 SIMULATION STEP PERFORMED
 SOURCE  1:
    SEED1:     256306313   SEED2:             0
 Elapsed simulation  time in seconds:     0.01
 ESTIMATION STEP OMITTED:                 YES
 Elapsed finaloutput time in seconds:     0.01
  
1
 PROBLEM NO.:           1      SUBPROBLEM NO.:         169

 SIMULATION STEP PERFORMED
 SOURCE  1:
    SEED1:     965411325   SEED2:   -1073748535
 Elapsed simulation  time in seconds:     0.02
 ESTIMATION STEP OMITTED:                 YES
 Elapsed finaloutput time in seconds:     0.01
  
1
 PROBLEM NO.:           1      SUBPROBLEM NO.:         170

 SIMULATION STEP PERFORMED
 SOURCE  1:
    SEED1:    1064075780   SEED2:             0
 Elapsed simulation  time in seconds:     0.01
 ESTIMATION STEP OMITTED:                 YES
 Elapsed finaloutput time in seconds:     0.01
  
1
 PROBLEM NO.:           1      SUBPROBLEM NO.:         171

 SIMULATION STEP PERFORMED
 SOURCE  1:
    SEED1:    1577949833   SEED2:   -1104639263
 Elapsed simulation  time in seconds:     0.01
 ESTIMATION STEP OMITTED:                 YES
 Elapsed finaloutput time in seconds:     0.01
  
1
 PROBLEM NO.:           1      SUBPROBLEM NO.:         172

 SIMULATION STEP PERFORMED
 SOURCE  1:
    SEED1:     238437197   SEED2:             0
 Elapsed simulation  time in seconds:     0.02
 ESTIMATION STEP OMITTED:                 YES
 Elapsed finaloutput time in seconds:     0.01
  
1
 PROBLEM NO.:           1      SUBPROBLEM NO.:         173

 SIMULATION STEP PERFORMED
 SOURCE  1:
    SEED1:     509220388   SEED2:    1031003714
 Elapsed simulation  time in seconds:     0.01
 ESTIMATION STEP OMITTED:                 YES
 Elapsed finaloutput time in seconds:     0.01
  
1
 PROBLEM NO.:           1      SUBPROBLEM NO.:         174

 SIMULATION STEP PERFORMED
 SOURCE  1:
    SEED1:     657733828   SEED2:             0
 Elapsed simulation  time in seconds:     0.02
 ESTIMATION STEP OMITTED:                 YES
 Elapsed finaloutput time in seconds:     0.01
  
1
 PROBLEM NO.:           1      SUBPROBLEM NO.:         175

 SIMULATION STEP PERFORMED
 SOURCE  1:
    SEED1:     932838900   SEED2:   -1077429472
 Elapsed simulation  time in seconds:     0.02
 ESTIMATION STEP OMITTED:                 YES
 Elapsed finaloutput time in seconds:     0.01
  
1
 PROBLEM NO.:           1      SUBPROBLEM NO.:         176

 SIMULATION STEP PERFORMED
 SOURCE  1:
    SEED1:    1046978915   SEED2:             0
 Elapsed simulation  time in seconds:     0.01
 ESTIMATION STEP OMITTED:                 YES
 Elapsed finaloutput time in seconds:     0.01
  
1
 PROBLEM NO.:           1      SUBPROBLEM NO.:         177

 SIMULATION STEP PERFORMED
 SOURCE  1:
    SEED1:    1924993162   SEED2:    1055630486
 Elapsed simulation  time in seconds:     0.02
 ESTIMATION STEP OMITTED:                 YES
 Elapsed finaloutput time in seconds:     0.01
  
1
 PROBLEM NO.:           1      SUBPROBLEM NO.:         178

 SIMULATION STEP PERFORMED
 SOURCE  1:
    SEED1:    1587610397   SEED2:             0
 Elapsed simulation  time in seconds:     0.02
 ESTIMATION STEP OMITTED:                 YES
 Elapsed finaloutput time in seconds:     0.01
  
1
 PROBLEM NO.:           1      SUBPROBLEM NO.:         179

 SIMULATION STEP PERFORMED
 SOURCE  1:
    SEED1:    1289788702   SEED2:   -1087119763
 Elapsed simulation  time in seconds:     0.02
 ESTIMATION STEP OMITTED:                 YES
 Elapsed finaloutput time in seconds:     0.01
  
1
 PROBLEM NO.:           1      SUBPROBLEM NO.:         180

 SIMULATION STEP PERFORMED
 SOURCE  1:
    SEED1:    1554323657   SEED2:             0
 Elapsed simulation  time in seconds:     0.02
 ESTIMATION STEP OMITTED:                 YES
 Elapsed finaloutput time in seconds:     0.01
  
1
 PROBLEM NO.:           1      SUBPROBLEM NO.:         181

 SIMULATION STEP PERFORMED
 SOURCE  1:
    SEED1:     408198913   SEED2:    1048950389
 Elapsed simulation  time in seconds:     0.02
 ESTIMATION STEP OMITTED:                 YES
 Elapsed finaloutput time in seconds:     0.01
  
1
 PROBLEM NO.:           1      SUBPROBLEM NO.:         182

 SIMULATION STEP PERFORMED
 SOURCE  1:
    SEED1:    1186746050   SEED2:             0
 Elapsed simulation  time in seconds:     0.01
 ESTIMATION STEP OMITTED:                 YES
 Elapsed finaloutput time in seconds:     0.01
  
1
 PROBLEM NO.:           1      SUBPROBLEM NO.:         183

 SIMULATION STEP PERFORMED
 SOURCE  1:
    SEED1:    1990299562   SEED2:    1060475896
 Elapsed simulation  time in seconds:     0.01
 ESTIMATION STEP OMITTED:                 YES
 Elapsed finaloutput time in seconds:     0.01
  
1
 PROBLEM NO.:           1      SUBPROBLEM NO.:         184

 SIMULATION STEP PERFORMED
 SOURCE  1:
    SEED1:    1138256493   SEED2:             0
 Elapsed simulation  time in seconds:     0.02
 ESTIMATION STEP OMITTED:                 YES
 Elapsed finaloutput time in seconds:     0.01
  
1
 PROBLEM NO.:           1      SUBPROBLEM NO.:         185

 SIMULATION STEP PERFORMED
 SOURCE  1:
    SEED1:     544696859   SEED2:   -1132123117
 Elapsed simulation  time in seconds:     0.02
 ESTIMATION STEP OMITTED:                 YES
 Elapsed finaloutput time in seconds:     0.01
  
1
 PROBLEM NO.:           1      SUBPROBLEM NO.:         186

 SIMULATION STEP PERFORMED
 SOURCE  1:
    SEED1:    1642024686   SEED2:             0
 Elapsed simulation  time in seconds:     0.01
 ESTIMATION STEP OMITTED:                 YES
 Elapsed finaloutput time in seconds:     0.01
  
1
 PROBLEM NO.:           1      SUBPROBLEM NO.:         187

 SIMULATION STEP PERFORMED
 SOURCE  1:
    SEED1:    2045441024   SEED2:    1059228511
 Elapsed simulation  time in seconds:     0.01
 ESTIMATION STEP OMITTED:                 YES
 Elapsed finaloutput time in seconds:     0.01
  
1
 PROBLEM NO.:           1      SUBPROBLEM NO.:         188

 SIMULATION STEP PERFORMED
 SOURCE  1:
    SEED1:    1133515198   SEED2:             0
 Elapsed simulation  time in seconds:     0.02
 ESTIMATION STEP OMITTED:                 YES
 Elapsed finaloutput time in seconds:     0.01
  
1
 PROBLEM NO.:           1      SUBPROBLEM NO.:         189

 SIMULATION STEP PERFORMED
 SOURCE  1:
    SEED1:     975222596   SEED2:   -1098471951
 Elapsed simulation  time in seconds:     0.02
 ESTIMATION STEP OMITTED:                 YES
 Elapsed finaloutput time in seconds:     0.01
  
1
 PROBLEM NO.:           1      SUBPROBLEM NO.:         190

 SIMULATION STEP PERFORMED
 SOURCE  1:
    SEED1:    1432476035   SEED2:             0
 Elapsed simulation  time in seconds:     0.02
 ESTIMATION STEP OMITTED:                 YES
 Elapsed finaloutput time in seconds:     0.01
  
1
 PROBLEM NO.:           1      SUBPROBLEM NO.:         191

 SIMULATION STEP PERFORMED
 SOURCE  1:
    SEED1:    1130323154   SEED2:   -1089745416
 Elapsed simulation  time in seconds:     0.01
 ESTIMATION STEP OMITTED:                 YES
 Elapsed finaloutput time in seconds:     0.01
  
1
 PROBLEM NO.:           1      SUBPROBLEM NO.:         192

 SIMULATION STEP PERFORMED
 SOURCE  1:
    SEED1:    1868808964   SEED2:             0
 Elapsed simulation  time in seconds:     0.02
 ESTIMATION STEP OMITTED:                 YES
 Elapsed finaloutput time in seconds:     0.01
  
1
 PROBLEM NO.:           1      SUBPROBLEM NO.:         193

 SIMULATION STEP PERFORMED
 SOURCE  1:
    SEED1:    2138928158   SEED2:    1074227275
 Elapsed simulation  time in seconds:     0.02
 ESTIMATION STEP OMITTED:                 YES
 Elapsed finaloutput time in seconds:     0.01
  
1
 PROBLEM NO.:           1      SUBPROBLEM NO.:         194

 SIMULATION STEP PERFORMED
 SOURCE  1:
    SEED1:     912251095   SEED2:             0
 Elapsed simulation  time in seconds:     0.02
 ESTIMATION STEP OMITTED:                 YES
 Elapsed finaloutput time in seconds:     0.01
  
1
 PROBLEM NO.:           1      SUBPROBLEM NO.:         195

 SIMULATION STEP PERFORMED
 SOURCE  1:
    SEED1:    1196470986   SEED2:   -1111238784
 Elapsed simulation  time in seconds:     0.01
 ESTIMATION STEP OMITTED:                 YES
 Elapsed finaloutput time in seconds:     0.01
  
1
 PROBLEM NO.:           1      SUBPROBLEM NO.:         196

 SIMULATION STEP PERFORMED
 SOURCE  1:
    SEED1:    1959007831   SEED2:             0
 Elapsed simulation  time in seconds:     0.02
 ESTIMATION STEP OMITTED:                 YES
 Elapsed finaloutput time in seconds:     0.01
  
1
 PROBLEM NO.:           1      SUBPROBLEM NO.:         197

 SIMULATION STEP PERFORMED
 SOURCE  1:
    SEED1:     440396521   SEED2:    1042383680
 Elapsed simulation  time in seconds:     0.02
 ESTIMATION STEP OMITTED:                 YES
 Elapsed finaloutput time in seconds:     0.01
  
1
 PROBLEM NO.:           1      SUBPROBLEM NO.:         198

 SIMULATION STEP PERFORMED
 SOURCE  1:
    SEED1:    1559740630   SEED2:             0
 Elapsed simulation  time in seconds:     0.01
 ESTIMATION STEP OMITTED:                 YES
 Elapsed finaloutput time in seconds:     0.01
  
1
 PROBLEM NO.:           1      SUBPROBLEM NO.:         199

 SIMULATION STEP PERFORMED
 SOURCE  1:
    SEED1:     439805747   SEED2:    1058877222
 Elapsed simulation  time in seconds:     0.02
 ESTIMATION STEP OMITTED:                 YES
 Elapsed finaloutput time in seconds:     0.01
  
1
 PROBLEM NO.:           1      SUBPROBLEM NO.:         200

 SIMULATION STEP PERFORMED
 SOURCE  1:
    SEED1:    1600898876   SEED2:             0
 Elapsed simulation  time in seconds:     0.02
 ESTIMATION STEP OMITTED:                 YES
 Elapsed finaloutput time in seconds:     0.01
 #CPUT: Total CPU Time in Seconds,        4.967
Stop Time:
di 02 dec 2025 09:51:24 CET
